INFO - 2023-05-26 06:12:19 --> Session: Class initialized using 'CodeIgniter\Session\Handlers\FileHandler' driver.
INFO - 2023-05-26 06:12:35 --> Session: Class initialized using 'CodeIgniter\Session\Handlers\FileHandler' driver.
ERROR - 2023-05-26 07:16:33 --> mysqli_sql_exception: Table 'upn212evaldoc.profesors' doesn't exist in /media/usrx/DEVELOPMENT/development/Proyectos/UPN212TEZ/evaldoc_linux/system/Database/MySQLi/Connection.php:295
Stack trace:
#0 /media/usrx/DEVELOPMENT/development/Proyectos/UPN212TEZ/evaldoc_linux/system/Database/MySQLi/Connection.php(295): mysqli->query()
#1 /media/usrx/DEVELOPMENT/development/Proyectos/UPN212TEZ/evaldoc_linux/system/Database/BaseConnection.php(691): CodeIgniter\Database\MySQLi\Connection->execute()
#2 /media/usrx/DEVELOPMENT/development/Proyectos/UPN212TEZ/evaldoc_linux/system/Database/BaseConnection.php(605): CodeIgniter\Database\BaseConnection->simpleQuery()
#3 /media/usrx/DEVELOPMENT/development/Proyectos/UPN212TEZ/evaldoc_linux/system/Database/BaseBuilder.php(1801): CodeIgniter\Database\BaseConnection->query()
#4 /media/usrx/DEVELOPMENT/development/Proyectos/UPN212TEZ/evaldoc_linux/system/Database/BaseBuilder.php(2192): CodeIgniter\Database\BaseBuilder->batchExecute()
#5 /media/usrx/DEVELOPMENT/development/Proyectos/UPN212TEZ/evaldoc_linux/system/Model.php(364): CodeIgniter\Database\BaseBuilder->insertBatch()
#6 /media/usrx/DEVELOPMENT/development/Proyectos/UPN212TEZ/evaldoc_linux/system/BaseModel.php(874): CodeIgniter\Model->doInsertBatch()
#7 /media/usrx/DEVELOPMENT/development/Proyectos/UPN212TEZ/evaldoc_linux/app/Database/Seeds/Profesor.php(15): CodeIgniter\BaseModel->insertBatch()
#8 /media/usrx/DEVELOPMENT/development/Proyectos/UPN212TEZ/evaldoc_linux/system/Database/Seeder.php(146): App\Database\Seeds\Profesor->run()
#9 /media/usrx/DEVELOPMENT/development/Proyectos/UPN212TEZ/evaldoc_linux/system/Commands/Database/Seed.php(77): CodeIgniter\Database\Seeder->call()
#10 /media/usrx/DEVELOPMENT/development/Proyectos/UPN212TEZ/evaldoc_linux/system/CLI/Commands.php(65): CodeIgniter\Commands\Database\Seed->run()
#11 /media/usrx/DEVELOPMENT/development/Proyectos/UPN212TEZ/evaldoc_linux/system/CLI/Console.php(37): CodeIgniter\CLI\Commands->run()
#12 /media/usrx/DEVELOPMENT/development/Proyectos/UPN212TEZ/evaldoc_linux/spark(97): CodeIgniter\CLI\Console->run()
#13 {main}
INFO - 2023-05-26 07:20:39 --> Session: Class initialized using 'CodeIgniter\Session\Handlers\FileHandler' driver.
INFO - 2023-05-26 07:20:39 --> Session: Class initialized using 'CodeIgniter\Session\Handlers\FileHandler' driver.
INFO - 2023-05-26 07:35:26 --> Session: Class initialized using 'CodeIgniter\Session\Handlers\FileHandler' driver.
INFO - 2023-05-26 07:37:08 --> Session: Class initialized using 'CodeIgniter\Session\Handlers\FileHandler' driver.
INFO - 2023-05-26 07:37:11 --> Session: Class initialized using 'CodeIgniter\Session\Handlers\FileHandler' driver.
INFO - 2023-05-26 07:37:26 --> Session: Class initialized using 'CodeIgniter\Session\Handlers\FileHandler' driver.
INFO - 2023-05-26 07:37:28 --> Session: Class initialized using 'CodeIgniter\Session\Handlers\FileHandler' driver.
CRITICAL - 2023-05-26 07:37:28 --> Call to a member function table() on null
in APPPATH/Controllers/Admin/ProfesorController.php on line 29.
 1 SYSTEMPATH/CodeIgniter.php(934): App\Controllers\Admin\ProfesorController->index()
 2 SYSTEMPATH/CodeIgniter.php(499): CodeIgniter\CodeIgniter->runController()
 3 SYSTEMPATH/CodeIgniter.php(368): CodeIgniter\CodeIgniter->handleRequest()
 4 FCPATH/index.php(67): CodeIgniter\CodeIgniter->run()
 5 SYSTEMPATH/Commands/Server/rewrite.php(47): require_once('/media/usrx/DEVELOPMENT/development/Proyectos/UPN212TEZ/evaldoc_linux/public/index.php')
INFO - 2023-05-26 07:38:43 --> Session: Class initialized using 'CodeIgniter\Session\Handlers\FileHandler' driver.
ERROR - 2023-05-26 07:38:43 --> mysqli_sql_exception: Unknown column 'p.nombreArea' in 'on clause' in /media/usrx/DEVELOPMENT/development/Proyectos/UPN212TEZ/evaldoc_linux/system/Database/MySQLi/Connection.php:295
Stack trace:
#0 /media/usrx/DEVELOPMENT/development/Proyectos/UPN212TEZ/evaldoc_linux/system/Database/MySQLi/Connection.php(295): mysqli->query()
#1 /media/usrx/DEVELOPMENT/development/Proyectos/UPN212TEZ/evaldoc_linux/system/Database/BaseConnection.php(691): CodeIgniter\Database\MySQLi\Connection->execute()
#2 /media/usrx/DEVELOPMENT/development/Proyectos/UPN212TEZ/evaldoc_linux/system/Database/BaseConnection.php(605): CodeIgniter\Database\BaseConnection->simpleQuery()
#3 /media/usrx/DEVELOPMENT/development/Proyectos/UPN212TEZ/evaldoc_linux/system/Database/BaseBuilder.php(1616): CodeIgniter\Database\BaseConnection->query()
#4 /media/usrx/DEVELOPMENT/development/Proyectos/UPN212TEZ/evaldoc_linux/app/Controllers/Admin/ProfesorController.php(33): CodeIgniter\Database\BaseBuilder->get()
#5 /media/usrx/DEVELOPMENT/development/Proyectos/UPN212TEZ/evaldoc_linux/system/CodeIgniter.php(934): App\Controllers\Admin\ProfesorController->index()
#6 /media/usrx/DEVELOPMENT/development/Proyectos/UPN212TEZ/evaldoc_linux/system/CodeIgniter.php(499): CodeIgniter\CodeIgniter->runController()
#7 /media/usrx/DEVELOPMENT/development/Proyectos/UPN212TEZ/evaldoc_linux/system/CodeIgniter.php(368): CodeIgniter\CodeIgniter->handleRequest()
#8 /media/usrx/DEVELOPMENT/development/Proyectos/UPN212TEZ/evaldoc_linux/public/index.php(67): CodeIgniter\CodeIgniter->run()
#9 /media/usrx/DEVELOPMENT/development/Proyectos/UPN212TEZ/evaldoc_linux/system/Commands/Server/rewrite.php(47): require_once('...')
#10 {main}
CRITICAL - 2023-05-26 07:38:43 --> Unknown column 'p.nombreArea' in 'on clause'
in SYSTEMPATH/Database/MySQLi/Connection.php on line 295.
 1 SYSTEMPATH/Database/MySQLi/Connection.php(295): mysqli->query()
 2 SYSTEMPATH/Database/BaseConnection.php(691): CodeIgniter\Database\MySQLi\Connection->execute()
 3 SYSTEMPATH/Database/BaseConnection.php(605): CodeIgniter\Database\BaseConnection->simpleQuery()
 4 SYSTEMPATH/Database/BaseBuilder.php(1616): CodeIgniter\Database\BaseConnection->query()
 5 APPPATH/Controllers/Admin/ProfesorController.php(33): CodeIgniter\Database\BaseBuilder->get()
 6 SYSTEMPATH/CodeIgniter.php(934): App\Controllers\Admin\ProfesorController->index()
 7 SYSTEMPATH/CodeIgniter.php(499): CodeIgniter\CodeIgniter->runController()
 8 SYSTEMPATH/CodeIgniter.php(368): CodeIgniter\CodeIgniter->handleRequest()
 9 FCPATH/index.php(67): CodeIgniter\CodeIgniter->run()
10 SYSTEMPATH/Commands/Server/rewrite.php(47): require_once('/media/usrx/DEVELOPMENT/development/Proyectos/UPN212TEZ/evaldoc_linux/public/index.php')
INFO - 2023-05-26 07:39:15 --> Session: Class initialized using 'CodeIgniter\Session\Handlers\FileHandler' driver.
ERROR - 2023-05-26 07:39:15 --> mysqli_sql_exception: Unknown column 'p.nombreArea' in 'on clause' in /media/usrx/DEVELOPMENT/development/Proyectos/UPN212TEZ/evaldoc_linux/system/Database/MySQLi/Connection.php:295
Stack trace:
#0 /media/usrx/DEVELOPMENT/development/Proyectos/UPN212TEZ/evaldoc_linux/system/Database/MySQLi/Connection.php(295): mysqli->query()
#1 /media/usrx/DEVELOPMENT/development/Proyectos/UPN212TEZ/evaldoc_linux/system/Database/BaseConnection.php(691): CodeIgniter\Database\MySQLi\Connection->execute()
#2 /media/usrx/DEVELOPMENT/development/Proyectos/UPN212TEZ/evaldoc_linux/system/Database/BaseConnection.php(605): CodeIgniter\Database\BaseConnection->simpleQuery()
#3 /media/usrx/DEVELOPMENT/development/Proyectos/UPN212TEZ/evaldoc_linux/system/Database/BaseBuilder.php(1616): CodeIgniter\Database\BaseConnection->query()
#4 /media/usrx/DEVELOPMENT/development/Proyectos/UPN212TEZ/evaldoc_linux/app/Controllers/Admin/ProfesorController.php(33): CodeIgniter\Database\BaseBuilder->get()
#5 /media/usrx/DEVELOPMENT/development/Proyectos/UPN212TEZ/evaldoc_linux/system/CodeIgniter.php(934): App\Controllers\Admin\ProfesorController->index()
#6 /media/usrx/DEVELOPMENT/development/Proyectos/UPN212TEZ/evaldoc_linux/system/CodeIgniter.php(499): CodeIgniter\CodeIgniter->runController()
#7 /media/usrx/DEVELOPMENT/development/Proyectos/UPN212TEZ/evaldoc_linux/system/CodeIgniter.php(368): CodeIgniter\CodeIgniter->handleRequest()
#8 /media/usrx/DEVELOPMENT/development/Proyectos/UPN212TEZ/evaldoc_linux/public/index.php(67): CodeIgniter\CodeIgniter->run()
#9 /media/usrx/DEVELOPMENT/development/Proyectos/UPN212TEZ/evaldoc_linux/system/Commands/Server/rewrite.php(47): require_once('...')
#10 {main}
CRITICAL - 2023-05-26 07:39:15 --> Unknown column 'p.nombreArea' in 'on clause'
in SYSTEMPATH/Database/MySQLi/Connection.php on line 295.
 1 SYSTEMPATH/Database/MySQLi/Connection.php(295): mysqli->query()
 2 SYSTEMPATH/Database/BaseConnection.php(691): CodeIgniter\Database\MySQLi\Connection->execute()
 3 SYSTEMPATH/Database/BaseConnection.php(605): CodeIgniter\Database\BaseConnection->simpleQuery()
 4 SYSTEMPATH/Database/BaseBuilder.php(1616): CodeIgniter\Database\BaseConnection->query()
 5 APPPATH/Controllers/Admin/ProfesorController.php(33): CodeIgniter\Database\BaseBuilder->get()
 6 SYSTEMPATH/CodeIgniter.php(934): App\Controllers\Admin\ProfesorController->index()
 7 SYSTEMPATH/CodeIgniter.php(499): CodeIgniter\CodeIgniter->runController()
 8 SYSTEMPATH/CodeIgniter.php(368): CodeIgniter\CodeIgniter->handleRequest()
 9 FCPATH/index.php(67): CodeIgniter\CodeIgniter->run()
10 SYSTEMPATH/Commands/Server/rewrite.php(47): require_once('/media/usrx/DEVELOPMENT/development/Proyectos/UPN212TEZ/evaldoc_linux/public/index.php')
INFO - 2023-05-26 07:39:17 --> Session: Class initialized using 'CodeIgniter\Session\Handlers\FileHandler' driver.
ERROR - 2023-05-26 07:39:17 --> mysqli_sql_exception: Unknown column 'p.nombreArea' in 'on clause' in /media/usrx/DEVELOPMENT/development/Proyectos/UPN212TEZ/evaldoc_linux/system/Database/MySQLi/Connection.php:295
Stack trace:
#0 /media/usrx/DEVELOPMENT/development/Proyectos/UPN212TEZ/evaldoc_linux/system/Database/MySQLi/Connection.php(295): mysqli->query()
#1 /media/usrx/DEVELOPMENT/development/Proyectos/UPN212TEZ/evaldoc_linux/system/Database/BaseConnection.php(691): CodeIgniter\Database\MySQLi\Connection->execute()
#2 /media/usrx/DEVELOPMENT/development/Proyectos/UPN212TEZ/evaldoc_linux/system/Database/BaseConnection.php(605): CodeIgniter\Database\BaseConnection->simpleQuery()
#3 /media/usrx/DEVELOPMENT/development/Proyectos/UPN212TEZ/evaldoc_linux/system/Database/BaseBuilder.php(1616): CodeIgniter\Database\BaseConnection->query()
#4 /media/usrx/DEVELOPMENT/development/Proyectos/UPN212TEZ/evaldoc_linux/app/Controllers/Admin/ProfesorController.php(33): CodeIgniter\Database\BaseBuilder->get()
#5 /media/usrx/DEVELOPMENT/development/Proyectos/UPN212TEZ/evaldoc_linux/system/CodeIgniter.php(934): App\Controllers\Admin\ProfesorController->index()
#6 /media/usrx/DEVELOPMENT/development/Proyectos/UPN212TEZ/evaldoc_linux/system/CodeIgniter.php(499): CodeIgniter\CodeIgniter->runController()
#7 /media/usrx/DEVELOPMENT/development/Proyectos/UPN212TEZ/evaldoc_linux/system/CodeIgniter.php(368): CodeIgniter\CodeIgniter->handleRequest()
#8 /media/usrx/DEVELOPMENT/development/Proyectos/UPN212TEZ/evaldoc_linux/public/index.php(67): CodeIgniter\CodeIgniter->run()
#9 /media/usrx/DEVELOPMENT/development/Proyectos/UPN212TEZ/evaldoc_linux/system/Commands/Server/rewrite.php(47): require_once('...')
#10 {main}
CRITICAL - 2023-05-26 07:39:17 --> Unknown column 'p.nombreArea' in 'on clause'
in SYSTEMPATH/Database/MySQLi/Connection.php on line 295.
 1 SYSTEMPATH/Database/MySQLi/Connection.php(295): mysqli->query()
 2 SYSTEMPATH/Database/BaseConnection.php(691): CodeIgniter\Database\MySQLi\Connection->execute()
 3 SYSTEMPATH/Database/BaseConnection.php(605): CodeIgniter\Database\BaseConnection->simpleQuery()
 4 SYSTEMPATH/Database/BaseBuilder.php(1616): CodeIgniter\Database\BaseConnection->query()
 5 APPPATH/Controllers/Admin/ProfesorController.php(33): CodeIgniter\Database\BaseBuilder->get()
 6 SYSTEMPATH/CodeIgniter.php(934): App\Controllers\Admin\ProfesorController->index()
 7 SYSTEMPATH/CodeIgniter.php(499): CodeIgniter\CodeIgniter->runController()
 8 SYSTEMPATH/CodeIgniter.php(368): CodeIgniter\CodeIgniter->handleRequest()
 9 FCPATH/index.php(67): CodeIgniter\CodeIgniter->run()
10 SYSTEMPATH/Commands/Server/rewrite.php(47): require_once('/media/usrx/DEVELOPMENT/development/Proyectos/UPN212TEZ/evaldoc_linux/public/index.php')
INFO - 2023-05-26 07:39:35 --> Session: Class initialized using 'CodeIgniter\Session\Handlers\FileHandler' driver.
ERROR - 2023-05-26 07:39:35 --> mysqli_sql_exception: Unknown column 'p.nombreArea' in 'on clause' in /media/usrx/DEVELOPMENT/development/Proyectos/UPN212TEZ/evaldoc_linux/system/Database/MySQLi/Connection.php:295
Stack trace:
#0 /media/usrx/DEVELOPMENT/development/Proyectos/UPN212TEZ/evaldoc_linux/system/Database/MySQLi/Connection.php(295): mysqli->query()
#1 /media/usrx/DEVELOPMENT/development/Proyectos/UPN212TEZ/evaldoc_linux/system/Database/BaseConnection.php(691): CodeIgniter\Database\MySQLi\Connection->execute()
#2 /media/usrx/DEVELOPMENT/development/Proyectos/UPN212TEZ/evaldoc_linux/system/Database/BaseConnection.php(605): CodeIgniter\Database\BaseConnection->simpleQuery()
#3 /media/usrx/DEVELOPMENT/development/Proyectos/UPN212TEZ/evaldoc_linux/system/Database/BaseBuilder.php(1616): CodeIgniter\Database\BaseConnection->query()
#4 /media/usrx/DEVELOPMENT/development/Proyectos/UPN212TEZ/evaldoc_linux/app/Controllers/Admin/ProfesorController.php(33): CodeIgniter\Database\BaseBuilder->get()
#5 /media/usrx/DEVELOPMENT/development/Proyectos/UPN212TEZ/evaldoc_linux/system/CodeIgniter.php(934): App\Controllers\Admin\ProfesorController->index()
#6 /media/usrx/DEVELOPMENT/development/Proyectos/UPN212TEZ/evaldoc_linux/system/CodeIgniter.php(499): CodeIgniter\CodeIgniter->runController()
#7 /media/usrx/DEVELOPMENT/development/Proyectos/UPN212TEZ/evaldoc_linux/system/CodeIgniter.php(368): CodeIgniter\CodeIgniter->handleRequest()
#8 /media/usrx/DEVELOPMENT/development/Proyectos/UPN212TEZ/evaldoc_linux/public/index.php(67): CodeIgniter\CodeIgniter->run()
#9 /media/usrx/DEVELOPMENT/development/Proyectos/UPN212TEZ/evaldoc_linux/system/Commands/Server/rewrite.php(47): require_once('...')
#10 {main}
CRITICAL - 2023-05-26 07:39:35 --> Unknown column 'p.nombreArea' in 'on clause'
in SYSTEMPATH/Database/MySQLi/Connection.php on line 295.
 1 SYSTEMPATH/Database/MySQLi/Connection.php(295): mysqli->query()
 2 SYSTEMPATH/Database/BaseConnection.php(691): CodeIgniter\Database\MySQLi\Connection->execute()
 3 SYSTEMPATH/Database/BaseConnection.php(605): CodeIgniter\Database\BaseConnection->simpleQuery()
 4 SYSTEMPATH/Database/BaseBuilder.php(1616): CodeIgniter\Database\BaseConnection->query()
 5 APPPATH/Controllers/Admin/ProfesorController.php(33): CodeIgniter\Database\BaseBuilder->get()
 6 SYSTEMPATH/CodeIgniter.php(934): App\Controllers\Admin\ProfesorController->index()
 7 SYSTEMPATH/CodeIgniter.php(499): CodeIgniter\CodeIgniter->runController()
 8 SYSTEMPATH/CodeIgniter.php(368): CodeIgniter\CodeIgniter->handleRequest()
 9 FCPATH/index.php(67): CodeIgniter\CodeIgniter->run()
10 SYSTEMPATH/Commands/Server/rewrite.php(47): require_once('/media/usrx/DEVELOPMENT/development/Proyectos/UPN212TEZ/evaldoc_linux/public/index.php')
INFO - 2023-05-26 07:41:14 --> Session: Class initialized using 'CodeIgniter\Session\Handlers\FileHandler' driver.
ERROR - 2023-05-26 07:41:14 --> mysqli_sql_exception: Unknown column 'p.nombreArea' in 'on clause' in /media/usrx/DEVELOPMENT/development/Proyectos/UPN212TEZ/evaldoc_linux/system/Database/MySQLi/Connection.php:295
Stack trace:
#0 /media/usrx/DEVELOPMENT/development/Proyectos/UPN212TEZ/evaldoc_linux/system/Database/MySQLi/Connection.php(295): mysqli->query()
#1 /media/usrx/DEVELOPMENT/development/Proyectos/UPN212TEZ/evaldoc_linux/system/Database/BaseConnection.php(691): CodeIgniter\Database\MySQLi\Connection->execute()
#2 /media/usrx/DEVELOPMENT/development/Proyectos/UPN212TEZ/evaldoc_linux/system/Database/BaseConnection.php(605): CodeIgniter\Database\BaseConnection->simpleQuery()
#3 /media/usrx/DEVELOPMENT/development/Proyectos/UPN212TEZ/evaldoc_linux/system/Database/BaseBuilder.php(1616): CodeIgniter\Database\BaseConnection->query()
#4 /media/usrx/DEVELOPMENT/development/Proyectos/UPN212TEZ/evaldoc_linux/app/Controllers/Admin/ProfesorController.php(33): CodeIgniter\Database\BaseBuilder->get()
#5 /media/usrx/DEVELOPMENT/development/Proyectos/UPN212TEZ/evaldoc_linux/system/CodeIgniter.php(934): App\Controllers\Admin\ProfesorController->index()
#6 /media/usrx/DEVELOPMENT/development/Proyectos/UPN212TEZ/evaldoc_linux/system/CodeIgniter.php(499): CodeIgniter\CodeIgniter->runController()
#7 /media/usrx/DEVELOPMENT/development/Proyectos/UPN212TEZ/evaldoc_linux/system/CodeIgniter.php(368): CodeIgniter\CodeIgniter->handleRequest()
#8 /media/usrx/DEVELOPMENT/development/Proyectos/UPN212TEZ/evaldoc_linux/public/index.php(67): CodeIgniter\CodeIgniter->run()
#9 /media/usrx/DEVELOPMENT/development/Proyectos/UPN212TEZ/evaldoc_linux/system/Commands/Server/rewrite.php(47): require_once('...')
#10 {main}
CRITICAL - 2023-05-26 07:41:14 --> Unknown column 'p.nombreArea' in 'on clause'
in SYSTEMPATH/Database/MySQLi/Connection.php on line 295.
 1 SYSTEMPATH/Database/MySQLi/Connection.php(295): mysqli->query()
 2 SYSTEMPATH/Database/BaseConnection.php(691): CodeIgniter\Database\MySQLi\Connection->execute()
 3 SYSTEMPATH/Database/BaseConnection.php(605): CodeIgniter\Database\BaseConnection->simpleQuery()
 4 SYSTEMPATH/Database/BaseBuilder.php(1616): CodeIgniter\Database\BaseConnection->query()
 5 APPPATH/Controllers/Admin/ProfesorController.php(33): CodeIgniter\Database\BaseBuilder->get()
 6 SYSTEMPATH/CodeIgniter.php(934): App\Controllers\Admin\ProfesorController->index()
 7 SYSTEMPATH/CodeIgniter.php(499): CodeIgniter\CodeIgniter->runController()
 8 SYSTEMPATH/CodeIgniter.php(368): CodeIgniter\CodeIgniter->handleRequest()
 9 FCPATH/index.php(67): CodeIgniter\CodeIgniter->run()
10 SYSTEMPATH/Commands/Server/rewrite.php(47): require_once('/media/usrx/DEVELOPMENT/development/Proyectos/UPN212TEZ/evaldoc_linux/public/index.php')
INFO - 2023-05-26 07:41:19 --> Session: Class initialized using 'CodeIgniter\Session\Handlers\FileHandler' driver.
INFO - 2023-05-26 07:41:22 --> Session: Class initialized using 'CodeIgniter\Session\Handlers\FileHandler' driver.
ERROR - 2023-05-26 07:41:22 --> mysqli_sql_exception: Unknown column 'p.nombreArea' in 'on clause' in /media/usrx/DEVELOPMENT/development/Proyectos/UPN212TEZ/evaldoc_linux/system/Database/MySQLi/Connection.php:295
Stack trace:
#0 /media/usrx/DEVELOPMENT/development/Proyectos/UPN212TEZ/evaldoc_linux/system/Database/MySQLi/Connection.php(295): mysqli->query()
#1 /media/usrx/DEVELOPMENT/development/Proyectos/UPN212TEZ/evaldoc_linux/system/Database/BaseConnection.php(691): CodeIgniter\Database\MySQLi\Connection->execute()
#2 /media/usrx/DEVELOPMENT/development/Proyectos/UPN212TEZ/evaldoc_linux/system/Database/BaseConnection.php(605): CodeIgniter\Database\BaseConnection->simpleQuery()
#3 /media/usrx/DEVELOPMENT/development/Proyectos/UPN212TEZ/evaldoc_linux/system/Database/BaseBuilder.php(1616): CodeIgniter\Database\BaseConnection->query()
#4 /media/usrx/DEVELOPMENT/development/Proyectos/UPN212TEZ/evaldoc_linux/app/Controllers/Admin/ProfesorController.php(33): CodeIgniter\Database\BaseBuilder->get()
#5 /media/usrx/DEVELOPMENT/development/Proyectos/UPN212TEZ/evaldoc_linux/system/CodeIgniter.php(934): App\Controllers\Admin\ProfesorController->index()
#6 /media/usrx/DEVELOPMENT/development/Proyectos/UPN212TEZ/evaldoc_linux/system/CodeIgniter.php(499): CodeIgniter\CodeIgniter->runController()
#7 /media/usrx/DEVELOPMENT/development/Proyectos/UPN212TEZ/evaldoc_linux/system/CodeIgniter.php(368): CodeIgniter\CodeIgniter->handleRequest()
#8 /media/usrx/DEVELOPMENT/development/Proyectos/UPN212TEZ/evaldoc_linux/public/index.php(67): CodeIgniter\CodeIgniter->run()
#9 /media/usrx/DEVELOPMENT/development/Proyectos/UPN212TEZ/evaldoc_linux/system/Commands/Server/rewrite.php(47): require_once('...')
#10 {main}
CRITICAL - 2023-05-26 07:41:22 --> Unknown column 'p.nombreArea' in 'on clause'
in SYSTEMPATH/Database/MySQLi/Connection.php on line 295.
 1 SYSTEMPATH/Database/MySQLi/Connection.php(295): mysqli->query()
 2 SYSTEMPATH/Database/BaseConnection.php(691): CodeIgniter\Database\MySQLi\Connection->execute()
 3 SYSTEMPATH/Database/BaseConnection.php(605): CodeIgniter\Database\BaseConnection->simpleQuery()
 4 SYSTEMPATH/Database/BaseBuilder.php(1616): CodeIgniter\Database\BaseConnection->query()
 5 APPPATH/Controllers/Admin/ProfesorController.php(33): CodeIgniter\Database\BaseBuilder->get()
 6 SYSTEMPATH/CodeIgniter.php(934): App\Controllers\Admin\ProfesorController->index()
 7 SYSTEMPATH/CodeIgniter.php(499): CodeIgniter\CodeIgniter->runController()
 8 SYSTEMPATH/CodeIgniter.php(368): CodeIgniter\CodeIgniter->handleRequest()
 9 FCPATH/index.php(67): CodeIgniter\CodeIgniter->run()
10 SYSTEMPATH/Commands/Server/rewrite.php(47): require_once('/media/usrx/DEVELOPMENT/development/Proyectos/UPN212TEZ/evaldoc_linux/public/index.php')
INFO - 2023-05-26 07:41:53 --> Session: Class initialized using 'CodeIgniter\Session\Handlers\FileHandler' driver.
INFO - 2023-05-26 07:43:37 --> Session: Class initialized using 'CodeIgniter\Session\Handlers\FileHandler' driver.
INFO - 2023-05-26 07:43:39 --> Session: Class initialized using 'CodeIgniter\Session\Handlers\FileHandler' driver.
INFO - 2023-05-26 13:29:29 --> Session: Class initialized using 'CodeIgniter\Session\Handlers\FileHandler' driver.
INFO - 2023-05-26 13:29:29 --> Session: Class initialized using 'CodeIgniter\Session\Handlers\FileHandler' driver.
INFO - 2023-05-26 13:29:39 --> Session: Class initialized using 'CodeIgniter\Session\Handlers\FileHandler' driver.
INFO - 2023-05-26 13:29:39 --> Session: Class initialized using 'CodeIgniter\Session\Handlers\FileHandler' driver.
INFO - 2023-05-26 13:29:44 --> Session: Class initialized using 'CodeIgniter\Session\Handlers\FileHandler' driver.
INFO - 2023-05-26 13:29:48 --> Session: Class initialized using 'CodeIgniter\Session\Handlers\FileHandler' driver.
INFO - 2023-05-26 13:29:52 --> Session: Class initialized using 'CodeIgniter\Session\Handlers\FileHandler' driver.
INFO - 2023-05-26 13:30:53 --> Session: Class initialized using 'CodeIgniter\Session\Handlers\FileHandler' driver.
CRITICAL - 2023-05-26 13:30:53 --> Undefined constant "session"
in APPPATH/Views/admin/dashboard.php on line 4.
 1 SYSTEMPATH/View/View.php(213): include()
 2 SYSTEMPATH/View/View.php(216): CodeIgniter\View\View->CodeIgniter\View\{closure}()
 3 SYSTEMPATH/Common.php(1184): CodeIgniter\View\View->render()
 4 APPPATH/Controllers/Admin/AdminController.php(20): view()
 5 SYSTEMPATH/CodeIgniter.php(934): App\Controllers\Admin\AdminController->index()
 6 SYSTEMPATH/CodeIgniter.php(499): CodeIgniter\CodeIgniter->runController()
 7 SYSTEMPATH/CodeIgniter.php(368): CodeIgniter\CodeIgniter->handleRequest()
 8 FCPATH/index.php(67): CodeIgniter\CodeIgniter->run()
 9 SYSTEMPATH/Commands/Server/rewrite.php(47): require_once('/media/usrx/DEVELOPMENT/development/Proyectos/UPN212TEZ/evaldoc_linux/public/index.php')
INFO - 2023-05-26 13:31:38 --> Session: Class initialized using 'CodeIgniter\Session\Handlers\FileHandler' driver.
INFO - 2023-05-26 13:33:47 --> Session: Class initialized using 'CodeIgniter\Session\Handlers\FileHandler' driver.
INFO - 2023-05-26 13:34:32 --> Session: Class initialized using 'CodeIgniter\Session\Handlers\FileHandler' driver.
INFO - 2023-05-26 13:34:47 --> Session: Class initialized using 'CodeIgniter\Session\Handlers\FileHandler' driver.
INFO - 2023-05-26 15:23:06 --> Session: Class initialized using 'CodeIgniter\Session\Handlers\FileHandler' driver.
INFO - 2023-05-26 15:23:06 --> Session: Class initialized using 'CodeIgniter\Session\Handlers\FileHandler' driver.
INFO - 2023-05-26 15:23:09 --> Session: Class initialized using 'CodeIgniter\Session\Handlers\FileHandler' driver.
INFO - 2023-05-26 15:23:14 --> Session: Class initialized using 'CodeIgniter\Session\Handlers\FileHandler' driver.
INFO - 2023-05-26 15:27:03 --> Session: Class initialized using 'CodeIgniter\Session\Handlers\FileHandler' driver.
INFO - 2023-05-26 15:27:05 --> Session: Class initialized using 'CodeIgniter\Session\Handlers\FileHandler' driver.
INFO - 2023-05-26 15:28:00 --> Session: Class initialized using 'CodeIgniter\Session\Handlers\FileHandler' driver.
INFO - 2023-05-26 15:28:14 --> Session: Class initialized using 'CodeIgniter\Session\Handlers\FileHandler' driver.
INFO - 2023-05-26 15:28:46 --> Session: Class initialized using 'CodeIgniter\Session\Handlers\FileHandler' driver.
