ERROR - 2023-05-23 01:54:15 --> mysqli_sql_exception: Unknown table 'upn212evaldoc.evaluacion' in D:\development\Proyectos\UPN212TEZ\evaldoc\system\Database\MySQLi\Connection.php:295
Stack trace:
#0 D:\development\Proyectos\UPN212TEZ\evaldoc\system\Database\MySQLi\Connection.php(295): mysqli->query('DROP TABLE `eva...', 0)
#1 D:\development\Proyectos\UPN212TEZ\evaldoc\system\Database\BaseConnection.php(691): CodeIgniter\Database\MySQLi\Connection->execute('DROP TABLE `eva...')
#2 D:\development\Proyectos\UPN212TEZ\evaldoc\system\Database\BaseConnection.php(605): CodeIgniter\Database\BaseConnection->simpleQuery('DROP TABLE `eva...')
#3 D:\development\Proyectos\UPN212TEZ\evaldoc\system\Database\Forge.php(637): CodeIgniter\Database\BaseConnection->query('DROP TABLE `eva...')
#4 D:\development\Proyectos\UPN212TEZ\evaldoc\app\Database\Migrations\2023-05-16-203017_Evaluacion.php(32): CodeIgniter\Database\Forge->dropTable('evaluacion')
#5 D:\development\Proyectos\UPN212TEZ\evaldoc\system\Database\MigrationRunner.php(877): App\Database\Migrations\Evaluacion->down()
#6 D:\development\Proyectos\UPN212TEZ\evaldoc\system\Database\MigrationRunner.php(299): CodeIgniter\Database\MigrationRunner->migrate('down', Object(stdClass))
#7 D:\development\Proyectos\UPN212TEZ\evaldoc\system\Commands\Database\MigrateRollback.php(92): CodeIgniter\Database\MigrationRunner->regress(0)
#8 D:\development\Proyectos\UPN212TEZ\evaldoc\system\CLI\Commands.php(65): CodeIgniter\Commands\Database\MigrateRollback->run(Array)
#9 D:\development\Proyectos\UPN212TEZ\evaldoc\system\CLI\BaseCommand.php(114): CodeIgniter\CLI\Commands->run('migrate:rollbac...', Array)
#10 D:\development\Proyectos\UPN212TEZ\evaldoc\system\Commands\Database\MigrateRefresh.php(84): CodeIgniter\CLI\BaseCommand->call('migrate:rollbac...', Array)
#11 D:\development\Proyectos\UPN212TEZ\evaldoc\system\CLI\Commands.php(65): CodeIgniter\Commands\Database\MigrateRefresh->run(Array)
#12 D:\development\Proyectos\UPN212TEZ\evaldoc\system\CLI\Console.php(37): CodeIgniter\CLI\Commands->run('migrate:refresh', Array)
#13 D:\development\Proyectos\UPN212TEZ\evaldoc\spark(97): CodeIgniter\CLI\Console->run()
#14 {main}
ERROR - 2023-05-23 02:12:37 --> mysqli_sql_exception: Table 'upn212evaldoc.dimensions' doesn't exist in D:\development\Proyectos\UPN212TEZ\evaldoc\system\Database\MySQLi\Connection.php:295
Stack trace:
#0 D:\development\Proyectos\UPN212TEZ\evaldoc\system\Database\MySQLi\Connection.php(295): mysqli->query('INSERT INTO `di...', 0)
#1 D:\development\Proyectos\UPN212TEZ\evaldoc\system\Database\BaseConnection.php(691): CodeIgniter\Database\MySQLi\Connection->execute('INSERT INTO `di...')
#2 D:\development\Proyectos\UPN212TEZ\evaldoc\system\Database\BaseConnection.php(605): CodeIgniter\Database\BaseConnection->simpleQuery('INSERT INTO `di...')
#3 D:\development\Proyectos\UPN212TEZ\evaldoc\system\Database\BaseBuilder.php(1801): CodeIgniter\Database\BaseConnection->query('INSERT INTO `di...', NULL, false)
#4 D:\development\Proyectos\UPN212TEZ\evaldoc\system\Database\BaseBuilder.php(2192): CodeIgniter\Database\BaseBuilder->batchExecute('_insertBatch', 100)
#5 D:\development\Proyectos\UPN212TEZ\evaldoc\system\Model.php(364): CodeIgniter\Database\BaseBuilder->insertBatch(Array, NULL, 100)
#6 D:\development\Proyectos\UPN212TEZ\evaldoc\system\BaseModel.php(874): CodeIgniter\Model->doInsertBatch(Array, NULL, 100, false)
#7 D:\development\Proyectos\UPN212TEZ\evaldoc\app\Database\Seeds\Dimension.php(14): CodeIgniter\BaseModel->insertBatch(Array)
#8 D:\development\Proyectos\UPN212TEZ\evaldoc\system\Database\Seeder.php(146): App\Database\Seeds\Dimension->run()
#9 D:\development\Proyectos\UPN212TEZ\evaldoc\system\Commands\Database\Seed.php(77): CodeIgniter\Database\Seeder->call('App\\Database\\Se...')
#10 D:\development\Proyectos\UPN212TEZ\evaldoc\system\CLI\Commands.php(65): CodeIgniter\Commands\Database\Seed->run(Array)
#11 D:\development\Proyectos\UPN212TEZ\evaldoc\system\CLI\Console.php(37): CodeIgniter\CLI\Commands->run('db:seed', Array)
#12 D:\development\Proyectos\UPN212TEZ\evaldoc\spark(97): CodeIgniter\CLI\Console->run()
#13 {main}
ERROR - 2023-05-23 02:13:36 --> mysqli_sql_exception: Table 'upn212evaldoc.dimensions' doesn't exist in D:\development\Proyectos\UPN212TEZ\evaldoc\system\Database\MySQLi\Connection.php:295
Stack trace:
#0 D:\development\Proyectos\UPN212TEZ\evaldoc\system\Database\MySQLi\Connection.php(295): mysqli->query('INSERT INTO `di...', 0)
#1 D:\development\Proyectos\UPN212TEZ\evaldoc\system\Database\BaseConnection.php(691): CodeIgniter\Database\MySQLi\Connection->execute('INSERT INTO `di...')
#2 D:\development\Proyectos\UPN212TEZ\evaldoc\system\Database\BaseConnection.php(605): CodeIgniter\Database\BaseConnection->simpleQuery('INSERT INTO `di...')
#3 D:\development\Proyectos\UPN212TEZ\evaldoc\system\Database\BaseBuilder.php(1801): CodeIgniter\Database\BaseConnection->query('INSERT INTO `di...', NULL, false)
#4 D:\development\Proyectos\UPN212TEZ\evaldoc\system\Database\BaseBuilder.php(2192): CodeIgniter\Database\BaseBuilder->batchExecute('_insertBatch', 100)
#5 D:\development\Proyectos\UPN212TEZ\evaldoc\system\Model.php(364): CodeIgniter\Database\BaseBuilder->insertBatch(Array, NULL, 100)
#6 D:\development\Proyectos\UPN212TEZ\evaldoc\system\BaseModel.php(874): CodeIgniter\Model->doInsertBatch(Array, NULL, 100, false)
#7 D:\development\Proyectos\UPN212TEZ\evaldoc\app\Database\Seeds\Dimension.php(14): CodeIgniter\BaseModel->insertBatch(Array)
#8 D:\development\Proyectos\UPN212TEZ\evaldoc\system\Database\Seeder.php(146): App\Database\Seeds\Dimension->run()
#9 D:\development\Proyectos\UPN212TEZ\evaldoc\system\Commands\Database\Seed.php(77): CodeIgniter\Database\Seeder->call('App\\Database\\Se...')
#10 D:\development\Proyectos\UPN212TEZ\evaldoc\system\CLI\Commands.php(65): CodeIgniter\Commands\Database\Seed->run(Array)
#11 D:\development\Proyectos\UPN212TEZ\evaldoc\system\CLI\Console.php(37): CodeIgniter\CLI\Commands->run('db:seed', Array)
#12 D:\development\Proyectos\UPN212TEZ\evaldoc\spark(97): CodeIgniter\CLI\Console->run()
#13 {main}
ERROR - 2023-05-23 02:13:40 --> mysqli_sql_exception: Table 'upn212evaldoc.dimensions' doesn't exist in D:\development\Proyectos\UPN212TEZ\evaldoc\system\Database\MySQLi\Connection.php:295
Stack trace:
#0 D:\development\Proyectos\UPN212TEZ\evaldoc\system\Database\MySQLi\Connection.php(295): mysqli->query('INSERT INTO `di...', 0)
#1 D:\development\Proyectos\UPN212TEZ\evaldoc\system\Database\BaseConnection.php(691): CodeIgniter\Database\MySQLi\Connection->execute('INSERT INTO `di...')
#2 D:\development\Proyectos\UPN212TEZ\evaldoc\system\Database\BaseConnection.php(605): CodeIgniter\Database\BaseConnection->simpleQuery('INSERT INTO `di...')
#3 D:\development\Proyectos\UPN212TEZ\evaldoc\system\Database\BaseBuilder.php(1801): CodeIgniter\Database\BaseConnection->query('INSERT INTO `di...', NULL, false)
#4 D:\development\Proyectos\UPN212TEZ\evaldoc\system\Database\BaseBuilder.php(2192): CodeIgniter\Database\BaseBuilder->batchExecute('_insertBatch', 100)
#5 D:\development\Proyectos\UPN212TEZ\evaldoc\system\Model.php(364): CodeIgniter\Database\BaseBuilder->insertBatch(Array, NULL, 100)
#6 D:\development\Proyectos\UPN212TEZ\evaldoc\system\BaseModel.php(874): CodeIgniter\Model->doInsertBatch(Array, NULL, 100, false)
#7 D:\development\Proyectos\UPN212TEZ\evaldoc\app\Database\Seeds\Dimension.php(14): CodeIgniter\BaseModel->insertBatch(Array)
#8 D:\development\Proyectos\UPN212TEZ\evaldoc\system\Database\Seeder.php(146): App\Database\Seeds\Dimension->run()
#9 D:\development\Proyectos\UPN212TEZ\evaldoc\system\Commands\Database\Seed.php(77): CodeIgniter\Database\Seeder->call('App\\Database\\Se...')
#10 D:\development\Proyectos\UPN212TEZ\evaldoc\system\CLI\Commands.php(65): CodeIgniter\Commands\Database\Seed->run(Array)
#11 D:\development\Proyectos\UPN212TEZ\evaldoc\system\CLI\Console.php(37): CodeIgniter\CLI\Commands->run('db:seed', Array)
#12 D:\development\Proyectos\UPN212TEZ\evaldoc\spark(97): CodeIgniter\CLI\Console->run()
#13 {main}
INFO - 2023-05-23 02:48:39 --> Session: Class initialized using 'CodeIgniter\Session\Handlers\FileHandler' driver.
INFO - 2023-05-23 02:48:46 --> Session: Class initialized using 'CodeIgniter\Session\Handlers\FileHandler' driver.
INFO - 2023-05-23 10:52:59 --> Session: Class initialized using 'CodeIgniter\Session\Handlers\FileHandler' driver.
INFO - 2023-05-23 10:53:11 --> Session: Class initialized using 'CodeIgniter\Session\Handlers\FileHandler' driver.
INFO - 2023-05-23 10:53:11 --> Session: Class initialized using 'CodeIgniter\Session\Handlers\FileHandler' driver.
INFO - 2023-05-23 10:53:17 --> Session: Class initialized using 'CodeIgniter\Session\Handlers\FileHandler' driver.
WARNING - 2023-05-23 10:53:17 --> [DEPRECATED] Creation of dynamic property App\Controllers\Admin\PreguntaController::$session is deprecated in APPPATH\Controllers\Admin\PreguntaController.php on line 16.
 1 SYSTEMPATH\CodeIgniter.php(906): App\Controllers\Admin\PreguntaController->__construct()
 2 SYSTEMPATH\CodeIgniter.php(490): CodeIgniter\CodeIgniter->createController()
 3 SYSTEMPATH\CodeIgniter.php(368): CodeIgniter\CodeIgniter->handleRequest(null, Object(Config\Cache), false)
 4 FCPATH\index.php(67): CodeIgniter\CodeIgniter->run()
 5 SYSTEMPATH\Commands\Server\rewrite.php(47): require_once('D:\\development\\Proyectos\\UPN212TEZ\\evaldoc\\public\\index.php')
CRITICAL - 2023-05-23 10:53:17 --> Undefined variable $preguntas
in APPPATH\Views\admin\preguntas\index.php on line 46.
 1 APPPATH\Views\admin\preguntas\index.php(46): CodeIgniter\Debug\Exceptions->errorHandler(2, 'Undefined variable $preguntas', 'D:\\development\\Proyectos\\UPN212TEZ\\evaldoc\\app\\Views\\admin\\preguntas\\index.php', 46)
 2 SYSTEMPATH\View\View.php(213): include('D:\\development\\Proyectos\\UPN212TEZ\\evaldoc\\app\\Views\\admin\\preguntas\\index.php')
 3 SYSTEMPATH\View\View.php(216): CodeIgniter\View\View->CodeIgniter\View\{closure}()
 4 SYSTEMPATH\Common.php(1184): CodeIgniter\View\View->render('admin/preguntas/index', [], true)
 5 APPPATH\Controllers\Admin\PreguntaController.php(33): view('admin/preguntas/index', [...])
 6 SYSTEMPATH\CodeIgniter.php(934): App\Controllers\Admin\PreguntaController->index()
 7 SYSTEMPATH\CodeIgniter.php(499): CodeIgniter\CodeIgniter->runController(Object(App\Controllers\Admin\PreguntaController))
 8 SYSTEMPATH\CodeIgniter.php(368): CodeIgniter\CodeIgniter->handleRequest(null, Object(Config\Cache), false)
 9 FCPATH\index.php(67): CodeIgniter\CodeIgniter->run()
10 SYSTEMPATH\Commands\Server\rewrite.php(47): require_once('D:\\development\\Proyectos\\UPN212TEZ\\evaldoc\\public\\index.php')
INFO - 2023-05-23 10:57:28 --> Session: Class initialized using 'CodeIgniter\Session\Handlers\FileHandler' driver.
WARNING - 2023-05-23 10:57:28 --> [DEPRECATED] Creation of dynamic property App\Controllers\Admin\PreguntaController::$session is deprecated in APPPATH\Controllers\Admin\PreguntaController.php on line 16.
 1 SYSTEMPATH\CodeIgniter.php(906): App\Controllers\Admin\PreguntaController->__construct()
 2 SYSTEMPATH\CodeIgniter.php(490): CodeIgniter\CodeIgniter->createController()
 3 SYSTEMPATH\CodeIgniter.php(368): CodeIgniter\CodeIgniter->handleRequest(null, Object(Config\Cache), false)
 4 FCPATH\index.php(67): CodeIgniter\CodeIgniter->run()
 5 SYSTEMPATH\Commands\Server\rewrite.php(47): require_once('D:\\development\\Proyectos\\UPN212TEZ\\evaldoc\\public\\index.php')
INFO - 2023-05-23 10:59:07 --> Session: Class initialized using 'CodeIgniter\Session\Handlers\FileHandler' driver.
WARNING - 2023-05-23 10:59:07 --> [DEPRECATED] Creation of dynamic property App\Controllers\Admin\PreguntaController::$session is deprecated in APPPATH\Controllers\Admin\PreguntaController.php on line 16.
 1 SYSTEMPATH\CodeIgniter.php(906): App\Controllers\Admin\PreguntaController->__construct()
 2 SYSTEMPATH\CodeIgniter.php(490): CodeIgniter\CodeIgniter->createController()
 3 SYSTEMPATH\CodeIgniter.php(368): CodeIgniter\CodeIgniter->handleRequest(null, Object(Config\Cache), false)
 4 FCPATH\index.php(67): CodeIgniter\CodeIgniter->run()
 5 SYSTEMPATH\Commands\Server\rewrite.php(47): require_once('D:\\development\\Proyectos\\UPN212TEZ\\evaldoc\\public\\index.php')
INFO - 2023-05-23 10:59:09 --> Session: Class initialized using 'CodeIgniter\Session\Handlers\FileHandler' driver.
WARNING - 2023-05-23 10:59:09 --> [DEPRECATED] Creation of dynamic property App\Controllers\Admin\PreguntaController::$session is deprecated in APPPATH\Controllers\Admin\PreguntaController.php on line 16.
 1 SYSTEMPATH\CodeIgniter.php(906): App\Controllers\Admin\PreguntaController->__construct()
 2 SYSTEMPATH\CodeIgniter.php(490): CodeIgniter\CodeIgniter->createController()
 3 SYSTEMPATH\CodeIgniter.php(368): CodeIgniter\CodeIgniter->handleRequest(null, Object(Config\Cache), false)
 4 FCPATH\index.php(67): CodeIgniter\CodeIgniter->run()
 5 SYSTEMPATH\Commands\Server\rewrite.php(47): require_once('D:\\development\\Proyectos\\UPN212TEZ\\evaldoc\\public\\index.php')
INFO - 2023-05-23 10:59:14 --> Session: Class initialized using 'CodeIgniter\Session\Handlers\FileHandler' driver.
WARNING - 2023-05-23 10:59:15 --> [DEPRECATED] Creation of dynamic property App\Controllers\Admin\ModalidadController::$session is deprecated in APPPATH\Controllers\Admin\ModalidadController.php on line 17.
 1 SYSTEMPATH\CodeIgniter.php(906): App\Controllers\Admin\ModalidadController->__construct()
 2 SYSTEMPATH\CodeIgniter.php(490): CodeIgniter\CodeIgniter->createController()
 3 SYSTEMPATH\CodeIgniter.php(368): CodeIgniter\CodeIgniter->handleRequest(null, Object(Config\Cache), false)
 4 FCPATH\index.php(67): CodeIgniter\CodeIgniter->run()
 5 SYSTEMPATH\Commands\Server\rewrite.php(47): require_once('D:\\development\\Proyectos\\UPN212TEZ\\evaldoc\\public\\index.php')
INFO - 2023-05-23 10:59:16 --> Session: Class initialized using 'CodeIgniter\Session\Handlers\FileHandler' driver.
WARNING - 2023-05-23 10:59:16 --> [DEPRECATED] Creation of dynamic property App\Controllers\Admin\PreguntaController::$session is deprecated in APPPATH\Controllers\Admin\PreguntaController.php on line 16.
 1 SYSTEMPATH\CodeIgniter.php(906): App\Controllers\Admin\PreguntaController->__construct()
 2 SYSTEMPATH\CodeIgniter.php(490): CodeIgniter\CodeIgniter->createController()
 3 SYSTEMPATH\CodeIgniter.php(368): CodeIgniter\CodeIgniter->handleRequest(null, Object(Config\Cache), false)
 4 FCPATH\index.php(67): CodeIgniter\CodeIgniter->run()
 5 SYSTEMPATH\Commands\Server\rewrite.php(47): require_once('D:\\development\\Proyectos\\UPN212TEZ\\evaldoc\\public\\index.php')
INFO - 2023-05-23 10:59:20 --> Session: Class initialized using 'CodeIgniter\Session\Handlers\FileHandler' driver.
WARNING - 2023-05-23 10:59:20 --> [DEPRECATED] Creation of dynamic property App\Controllers\Admin\PreguntaController::$session is deprecated in APPPATH\Controllers\Admin\PreguntaController.php on line 16.
 1 SYSTEMPATH\CodeIgniter.php(906): App\Controllers\Admin\PreguntaController->__construct()
 2 SYSTEMPATH\CodeIgniter.php(490): CodeIgniter\CodeIgniter->createController()
 3 SYSTEMPATH\CodeIgniter.php(368): CodeIgniter\CodeIgniter->handleRequest(null, Object(Config\Cache), false)
 4 FCPATH\index.php(67): CodeIgniter\CodeIgniter->run()
 5 SYSTEMPATH\Commands\Server\rewrite.php(47): require_once('D:\\development\\Proyectos\\UPN212TEZ\\evaldoc\\public\\index.php')
INFO - 2023-05-23 10:59:22 --> Session: Class initialized using 'CodeIgniter\Session\Handlers\FileHandler' driver.
WARNING - 2023-05-23 10:59:22 --> [DEPRECATED] Creation of dynamic property App\Controllers\Admin\PreguntaController::$session is deprecated in APPPATH\Controllers\Admin\PreguntaController.php on line 16.
 1 SYSTEMPATH\CodeIgniter.php(906): App\Controllers\Admin\PreguntaController->__construct()
 2 SYSTEMPATH\CodeIgniter.php(490): CodeIgniter\CodeIgniter->createController()
 3 SYSTEMPATH\CodeIgniter.php(368): CodeIgniter\CodeIgniter->handleRequest(null, Object(Config\Cache), false)
 4 FCPATH\index.php(67): CodeIgniter\CodeIgniter->run()
 5 SYSTEMPATH\Commands\Server\rewrite.php(47): require_once('D:\\development\\Proyectos\\UPN212TEZ\\evaldoc\\public\\index.php')
INFO - 2023-05-23 12:27:58 --> Session: Class initialized using 'CodeIgniter\Session\Handlers\FileHandler' driver.
INFO - 2023-05-23 12:28:05 --> Session: Class initialized using 'CodeIgniter\Session\Handlers\FileHandler' driver.
INFO - 2023-05-23 12:28:10 --> Session: Class initialized using 'CodeIgniter\Session\Handlers\FileHandler' driver.
INFO - 2023-05-23 12:28:10 --> Session: Class initialized using 'CodeIgniter\Session\Handlers\FileHandler' driver.
INFO - 2023-05-23 12:28:13 --> Session: Class initialized using 'CodeIgniter\Session\Handlers\FileHandler' driver.
WARNING - 2023-05-23 12:28:13 --> [DEPRECATED] Creation of dynamic property App\Controllers\Admin\PreguntaController::$session is deprecated in APPPATH\Controllers\Admin\PreguntaController.php on line 16.
 1 SYSTEMPATH\CodeIgniter.php(906): App\Controllers\Admin\PreguntaController->__construct()
 2 SYSTEMPATH\CodeIgniter.php(490): CodeIgniter\CodeIgniter->createController()
 3 SYSTEMPATH\CodeIgniter.php(368): CodeIgniter\CodeIgniter->handleRequest(null, Object(Config\Cache), false)
 4 FCPATH\index.php(67): CodeIgniter\CodeIgniter->run()
 5 SYSTEMPATH\Commands\Server\rewrite.php(47): require_once('D:\\development\\Proyectos\\UPN212TEZ\\evaldoc\\public\\index.php')
INFO - 2023-05-23 13:35:25 --> Session: Class initialized using 'CodeIgniter\Session\Handlers\FileHandler' driver.
WARNING - 2023-05-23 13:35:25 --> [DEPRECATED] Creation of dynamic property App\Controllers\Admin\PreguntaController::$session is deprecated in APPPATH\Controllers\Admin\PreguntaController.php on line 18.
 1 SYSTEMPATH\CodeIgniter.php(906): App\Controllers\Admin\PreguntaController->__construct()
 2 SYSTEMPATH\CodeIgniter.php(490): CodeIgniter\CodeIgniter->createController()
 3 SYSTEMPATH\CodeIgniter.php(368): CodeIgniter\CodeIgniter->handleRequest(null, Object(Config\Cache), false)
 4 FCPATH\index.php(67): CodeIgniter\CodeIgniter->run()
 5 SYSTEMPATH\Commands\Server\rewrite.php(47): require_once('D:\\development\\Proyectos\\UPN212TEZ\\evaldoc\\public\\index.php')
CRITICAL - 2023-05-23 13:35:25 --> Cannot use object of type stdClass as array
in APPPATH\Views\admin\preguntas\index.php on line 49.
 1 SYSTEMPATH\View\View.php(213): include()
 2 SYSTEMPATH\View\View.php(216): CodeIgniter\View\View->CodeIgniter\View\{closure}()
 3 SYSTEMPATH\Common.php(1184): CodeIgniter\View\View->render('admin/preguntas/index', [], true)
 4 APPPATH\Controllers\Admin\PreguntaController.php(40): view('admin/preguntas/index', [...])
 5 SYSTEMPATH\CodeIgniter.php(934): App\Controllers\Admin\PreguntaController->index()
 6 SYSTEMPATH\CodeIgniter.php(499): CodeIgniter\CodeIgniter->runController(Object(App\Controllers\Admin\PreguntaController))
 7 SYSTEMPATH\CodeIgniter.php(368): CodeIgniter\CodeIgniter->handleRequest(null, Object(Config\Cache), false)
 8 FCPATH\index.php(67): CodeIgniter\CodeIgniter->run()
 9 SYSTEMPATH\Commands\Server\rewrite.php(47): require_once('D:\\development\\Proyectos\\UPN212TEZ\\evaldoc\\public\\index.php')
INFO - 2023-05-23 13:36:09 --> Session: Class initialized using 'CodeIgniter\Session\Handlers\FileHandler' driver.
WARNING - 2023-05-23 13:36:09 --> [DEPRECATED] Creation of dynamic property App\Controllers\Admin\PreguntaController::$session is deprecated in APPPATH\Controllers\Admin\PreguntaController.php on line 18.
 1 SYSTEMPATH\CodeIgniter.php(906): App\Controllers\Admin\PreguntaController->__construct()
 2 SYSTEMPATH\CodeIgniter.php(490): CodeIgniter\CodeIgniter->createController()
 3 SYSTEMPATH\CodeIgniter.php(368): CodeIgniter\CodeIgniter->handleRequest(null, Object(Config\Cache), false)
 4 FCPATH\index.php(67): CodeIgniter\CodeIgniter->run()
 5 SYSTEMPATH\Commands\Server\rewrite.php(47): require_once('D:\\development\\Proyectos\\UPN212TEZ\\evaldoc\\public\\index.php')
CRITICAL - 2023-05-23 13:36:09 --> Cannot use object of type stdClass as array
in APPPATH\Views\admin\preguntas\index.php on line 57.
 1 SYSTEMPATH\View\View.php(213): include()
 2 SYSTEMPATH\View\View.php(216): CodeIgniter\View\View->CodeIgniter\View\{closure}()
 3 SYSTEMPATH\Common.php(1184): CodeIgniter\View\View->render('admin/preguntas/index', [], true)
 4 APPPATH\Controllers\Admin\PreguntaController.php(40): view('admin/preguntas/index', [...])
 5 SYSTEMPATH\CodeIgniter.php(934): App\Controllers\Admin\PreguntaController->index()
 6 SYSTEMPATH\CodeIgniter.php(499): CodeIgniter\CodeIgniter->runController(Object(App\Controllers\Admin\PreguntaController))
 7 SYSTEMPATH\CodeIgniter.php(368): CodeIgniter\CodeIgniter->handleRequest(null, Object(Config\Cache), false)
 8 FCPATH\index.php(67): CodeIgniter\CodeIgniter->run()
 9 SYSTEMPATH\Commands\Server\rewrite.php(47): require_once('D:\\development\\Proyectos\\UPN212TEZ\\evaldoc\\public\\index.php')
INFO - 2023-05-23 13:36:52 --> Session: Class initialized using 'CodeIgniter\Session\Handlers\FileHandler' driver.
WARNING - 2023-05-23 13:36:52 --> [DEPRECATED] Creation of dynamic property App\Controllers\Admin\PreguntaController::$session is deprecated in APPPATH\Controllers\Admin\PreguntaController.php on line 18.
 1 SYSTEMPATH\CodeIgniter.php(906): App\Controllers\Admin\PreguntaController->__construct()
 2 SYSTEMPATH\CodeIgniter.php(490): CodeIgniter\CodeIgniter->createController()
 3 SYSTEMPATH\CodeIgniter.php(368): CodeIgniter\CodeIgniter->handleRequest(null, Object(Config\Cache), false)
 4 FCPATH\index.php(67): CodeIgniter\CodeIgniter->run()
 5 SYSTEMPATH\Commands\Server\rewrite.php(47): require_once('D:\\development\\Proyectos\\UPN212TEZ\\evaldoc\\public\\index.php')
INFO - 2023-05-23 13:37:32 --> Session: Class initialized using 'CodeIgniter\Session\Handlers\FileHandler' driver.
WARNING - 2023-05-23 13:37:32 --> [DEPRECATED] Creation of dynamic property App\Controllers\Admin\PreguntaController::$session is deprecated in APPPATH\Controllers\Admin\PreguntaController.php on line 18.
 1 SYSTEMPATH\CodeIgniter.php(906): App\Controllers\Admin\PreguntaController->__construct()
 2 SYSTEMPATH\CodeIgniter.php(490): CodeIgniter\CodeIgniter->createController()
 3 SYSTEMPATH\CodeIgniter.php(368): CodeIgniter\CodeIgniter->handleRequest(null, Object(Config\Cache), false)
 4 FCPATH\index.php(67): CodeIgniter\CodeIgniter->run()
 5 SYSTEMPATH\Commands\Server\rewrite.php(47): require_once('D:\\development\\Proyectos\\UPN212TEZ\\evaldoc\\public\\index.php')
INFO - 2023-05-23 13:38:12 --> Session: Class initialized using 'CodeIgniter\Session\Handlers\FileHandler' driver.
WARNING - 2023-05-23 13:38:12 --> [DEPRECATED] Creation of dynamic property App\Controllers\Admin\PreguntaController::$session is deprecated in APPPATH\Controllers\Admin\PreguntaController.php on line 18.
 1 SYSTEMPATH\CodeIgniter.php(906): App\Controllers\Admin\PreguntaController->__construct()
 2 SYSTEMPATH\CodeIgniter.php(490): CodeIgniter\CodeIgniter->createController()
 3 SYSTEMPATH\CodeIgniter.php(368): CodeIgniter\CodeIgniter->handleRequest(null, Object(Config\Cache), false)
 4 FCPATH\index.php(67): CodeIgniter\CodeIgniter->run()
 5 SYSTEMPATH\Commands\Server\rewrite.php(47): require_once('D:\\development\\Proyectos\\UPN212TEZ\\evaldoc\\public\\index.php')
INFO - 2023-05-23 13:39:46 --> Session: Class initialized using 'CodeIgniter\Session\Handlers\FileHandler' driver.
WARNING - 2023-05-23 13:39:46 --> [DEPRECATED] Creation of dynamic property App\Controllers\Admin\PreguntaController::$session is deprecated in APPPATH\Controllers\Admin\PreguntaController.php on line 18.
 1 SYSTEMPATH\CodeIgniter.php(906): App\Controllers\Admin\PreguntaController->__construct()
 2 SYSTEMPATH\CodeIgniter.php(490): CodeIgniter\CodeIgniter->createController()
 3 SYSTEMPATH\CodeIgniter.php(368): CodeIgniter\CodeIgniter->handleRequest(null, Object(Config\Cache), false)
 4 FCPATH\index.php(67): CodeIgniter\CodeIgniter->run()
 5 SYSTEMPATH\Commands\Server\rewrite.php(47): require_once('D:\\development\\Proyectos\\UPN212TEZ\\evaldoc\\public\\index.php')
INFO - 2023-05-23 13:40:21 --> Session: Class initialized using 'CodeIgniter\Session\Handlers\FileHandler' driver.
WARNING - 2023-05-23 13:40:21 --> [DEPRECATED] Creation of dynamic property App\Controllers\Admin\PreguntaController::$session is deprecated in APPPATH\Controllers\Admin\PreguntaController.php on line 18.
 1 SYSTEMPATH\CodeIgniter.php(906): App\Controllers\Admin\PreguntaController->__construct()
 2 SYSTEMPATH\CodeIgniter.php(490): CodeIgniter\CodeIgniter->createController()
 3 SYSTEMPATH\CodeIgniter.php(368): CodeIgniter\CodeIgniter->handleRequest(null, Object(Config\Cache), false)
 4 FCPATH\index.php(67): CodeIgniter\CodeIgniter->run()
 5 SYSTEMPATH\Commands\Server\rewrite.php(47): require_once('D:\\development\\Proyectos\\UPN212TEZ\\evaldoc\\public\\index.php')
INFO - 2023-05-23 13:42:08 --> Session: Class initialized using 'CodeIgniter\Session\Handlers\FileHandler' driver.
WARNING - 2023-05-23 13:42:08 --> [DEPRECATED] Creation of dynamic property App\Controllers\Admin\EstudianteController::$session is deprecated in APPPATH\Controllers\Admin\EstudianteController.php on line 16.
 1 SYSTEMPATH\CodeIgniter.php(906): App\Controllers\Admin\EstudianteController->__construct()
 2 SYSTEMPATH\CodeIgniter.php(490): CodeIgniter\CodeIgniter->createController()
 3 SYSTEMPATH\CodeIgniter.php(368): CodeIgniter\CodeIgniter->handleRequest(null, Object(Config\Cache), false)
 4 FCPATH\index.php(67): CodeIgniter\CodeIgniter->run()
 5 SYSTEMPATH\Commands\Server\rewrite.php(47): require_once('D:\\development\\Proyectos\\UPN212TEZ\\evaldoc\\public\\index.php')
INFO - 2023-05-23 13:42:25 --> Session: Class initialized using 'CodeIgniter\Session\Handlers\FileHandler' driver.
WARNING - 2023-05-23 13:42:25 --> [DEPRECATED] Creation of dynamic property App\Controllers\Admin\EstudianteController::$session is deprecated in APPPATH\Controllers\Admin\EstudianteController.php on line 16.
 1 SYSTEMPATH\CodeIgniter.php(906): App\Controllers\Admin\EstudianteController->__construct()
 2 SYSTEMPATH\CodeIgniter.php(490): CodeIgniter\CodeIgniter->createController()
 3 SYSTEMPATH\CodeIgniter.php(368): CodeIgniter\CodeIgniter->handleRequest(null, Object(Config\Cache), false)
 4 FCPATH\index.php(67): CodeIgniter\CodeIgniter->run()
 5 SYSTEMPATH\Commands\Server\rewrite.php(47): require_once('D:\\development\\Proyectos\\UPN212TEZ\\evaldoc\\public\\index.php')
INFO - 2023-05-23 13:42:29 --> Session: Class initialized using 'CodeIgniter\Session\Handlers\FileHandler' driver.
WARNING - 2023-05-23 13:42:29 --> [DEPRECATED] Creation of dynamic property App\Controllers\Admin\UsuarioController::$session is deprecated in APPPATH\Controllers\Admin\UsuarioController.php on line 17.
 1 SYSTEMPATH\CodeIgniter.php(906): App\Controllers\Admin\UsuarioController->__construct()
 2 SYSTEMPATH\CodeIgniter.php(490): CodeIgniter\CodeIgniter->createController()
 3 SYSTEMPATH\CodeIgniter.php(368): CodeIgniter\CodeIgniter->handleRequest(null, Object(Config\Cache), false)
 4 FCPATH\index.php(67): CodeIgniter\CodeIgniter->run()
 5 SYSTEMPATH\Commands\Server\rewrite.php(47): require_once('D:\\development\\Proyectos\\UPN212TEZ\\evaldoc\\public\\index.php')
INFO - 2023-05-23 13:42:58 --> Session: Class initialized using 'CodeIgniter\Session\Handlers\FileHandler' driver.
WARNING - 2023-05-23 13:42:58 --> [DEPRECATED] Creation of dynamic property App\Controllers\Admin\UsuarioController::$session is deprecated in APPPATH\Controllers\Admin\UsuarioController.php on line 17.
 1 SYSTEMPATH\CodeIgniter.php(906): App\Controllers\Admin\UsuarioController->__construct()
 2 SYSTEMPATH\CodeIgniter.php(490): CodeIgniter\CodeIgniter->createController()
 3 SYSTEMPATH\CodeIgniter.php(368): CodeIgniter\CodeIgniter->handleRequest(null, Object(Config\Cache), false)
 4 FCPATH\index.php(67): CodeIgniter\CodeIgniter->run()
 5 SYSTEMPATH\Commands\Server\rewrite.php(47): require_once('D:\\development\\Proyectos\\UPN212TEZ\\evaldoc\\public\\index.php')
INFO - 2023-05-23 13:43:08 --> Session: Class initialized using 'CodeIgniter\Session\Handlers\FileHandler' driver.
WARNING - 2023-05-23 13:43:08 --> [DEPRECATED] Creation of dynamic property App\Controllers\Admin\UsuarioController::$session is deprecated in APPPATH\Controllers\Admin\UsuarioController.php on line 17.
 1 SYSTEMPATH\CodeIgniter.php(906): App\Controllers\Admin\UsuarioController->__construct()
 2 SYSTEMPATH\CodeIgniter.php(490): CodeIgniter\CodeIgniter->createController()
 3 SYSTEMPATH\CodeIgniter.php(368): CodeIgniter\CodeIgniter->handleRequest(null, Object(Config\Cache), false)
 4 FCPATH\index.php(67): CodeIgniter\CodeIgniter->run()
 5 SYSTEMPATH\Commands\Server\rewrite.php(47): require_once('D:\\development\\Proyectos\\UPN212TEZ\\evaldoc\\public\\index.php')
INFO - 2023-05-23 13:43:34 --> Session: Class initialized using 'CodeIgniter\Session\Handlers\FileHandler' driver.
WARNING - 2023-05-23 13:43:34 --> [DEPRECATED] Creation of dynamic property App\Controllers\Admin\UsuarioController::$session is deprecated in APPPATH\Controllers\Admin\UsuarioController.php on line 17.
 1 SYSTEMPATH\CodeIgniter.php(906): App\Controllers\Admin\UsuarioController->__construct()
 2 SYSTEMPATH\CodeIgniter.php(490): CodeIgniter\CodeIgniter->createController()
 3 SYSTEMPATH\CodeIgniter.php(368): CodeIgniter\CodeIgniter->handleRequest(null, Object(Config\Cache), false)
 4 FCPATH\index.php(67): CodeIgniter\CodeIgniter->run()
 5 SYSTEMPATH\Commands\Server\rewrite.php(47): require_once('D:\\development\\Proyectos\\UPN212TEZ\\evaldoc\\public\\index.php')
INFO - 2023-05-23 13:43:39 --> Session: Class initialized using 'CodeIgniter\Session\Handlers\FileHandler' driver.
WARNING - 2023-05-23 13:43:39 --> [DEPRECATED] Creation of dynamic property App\Controllers\Admin\AsignaturaController::$session is deprecated in APPPATH\Controllers\Admin\AsignaturaController.php on line 16.
 1 SYSTEMPATH\CodeIgniter.php(906): App\Controllers\Admin\AsignaturaController->__construct()
 2 SYSTEMPATH\CodeIgniter.php(490): CodeIgniter\CodeIgniter->createController()
 3 SYSTEMPATH\CodeIgniter.php(368): CodeIgniter\CodeIgniter->handleRequest(null, Object(Config\Cache), false)
 4 FCPATH\index.php(67): CodeIgniter\CodeIgniter->run()
 5 SYSTEMPATH\Commands\Server\rewrite.php(47): require_once('D:\\development\\Proyectos\\UPN212TEZ\\evaldoc\\public\\index.php')
INFO - 2023-05-23 13:44:07 --> Session: Class initialized using 'CodeIgniter\Session\Handlers\FileHandler' driver.
WARNING - 2023-05-23 13:44:07 --> [DEPRECATED] Creation of dynamic property App\Controllers\Admin\AsignaturaController::$session is deprecated in APPPATH\Controllers\Admin\AsignaturaController.php on line 16.
 1 SYSTEMPATH\CodeIgniter.php(906): App\Controllers\Admin\AsignaturaController->__construct()
 2 SYSTEMPATH\CodeIgniter.php(490): CodeIgniter\CodeIgniter->createController()
 3 SYSTEMPATH\CodeIgniter.php(368): CodeIgniter\CodeIgniter->handleRequest(null, Object(Config\Cache), false)
 4 FCPATH\index.php(67): CodeIgniter\CodeIgniter->run()
 5 SYSTEMPATH\Commands\Server\rewrite.php(47): require_once('D:\\development\\Proyectos\\UPN212TEZ\\evaldoc\\public\\index.php')
INFO - 2023-05-23 13:44:19 --> Session: Class initialized using 'CodeIgniter\Session\Handlers\FileHandler' driver.
WARNING - 2023-05-23 13:44:19 --> [DEPRECATED] Creation of dynamic property App\Controllers\Admin\AsignaturaController::$session is deprecated in APPPATH\Controllers\Admin\AsignaturaController.php on line 16.
 1 SYSTEMPATH\CodeIgniter.php(906): App\Controllers\Admin\AsignaturaController->__construct()
 2 SYSTEMPATH\CodeIgniter.php(490): CodeIgniter\CodeIgniter->createController()
 3 SYSTEMPATH\CodeIgniter.php(368): CodeIgniter\CodeIgniter->handleRequest(null, Object(Config\Cache), false)
 4 FCPATH\index.php(67): CodeIgniter\CodeIgniter->run()
 5 SYSTEMPATH\Commands\Server\rewrite.php(47): require_once('D:\\development\\Proyectos\\UPN212TEZ\\evaldoc\\public\\index.php')
INFO - 2023-05-23 13:44:19 --> Session: Class initialized using 'CodeIgniter\Session\Handlers\FileHandler' driver.
WARNING - 2023-05-23 13:44:19 --> [DEPRECATED] Creation of dynamic property App\Controllers\Admin\AsignaturaController::$session is deprecated in APPPATH\Controllers\Admin\AsignaturaController.php on line 16.
 1 SYSTEMPATH\CodeIgniter.php(906): App\Controllers\Admin\AsignaturaController->__construct()
 2 SYSTEMPATH\CodeIgniter.php(490): CodeIgniter\CodeIgniter->createController()
 3 SYSTEMPATH\CodeIgniter.php(368): CodeIgniter\CodeIgniter->handleRequest(null, Object(Config\Cache), false)
 4 FCPATH\index.php(67): CodeIgniter\CodeIgniter->run()
 5 SYSTEMPATH\Commands\Server\rewrite.php(47): require_once('D:\\development\\Proyectos\\UPN212TEZ\\evaldoc\\public\\index.php')
INFO - 2023-05-23 13:44:20 --> Session: Class initialized using 'CodeIgniter\Session\Handlers\FileHandler' driver.
WARNING - 2023-05-23 13:44:20 --> [DEPRECATED] Creation of dynamic property App\Controllers\Admin\AsignaturaController::$session is deprecated in APPPATH\Controllers\Admin\AsignaturaController.php on line 16.
 1 SYSTEMPATH\CodeIgniter.php(906): App\Controllers\Admin\AsignaturaController->__construct()
 2 SYSTEMPATH\CodeIgniter.php(490): CodeIgniter\CodeIgniter->createController()
 3 SYSTEMPATH\CodeIgniter.php(368): CodeIgniter\CodeIgniter->handleRequest(null, Object(Config\Cache), false)
 4 FCPATH\index.php(67): CodeIgniter\CodeIgniter->run()
 5 SYSTEMPATH\Commands\Server\rewrite.php(47): require_once('D:\\development\\Proyectos\\UPN212TEZ\\evaldoc\\public\\index.php')
INFO - 2023-05-23 13:44:20 --> Session: Class initialized using 'CodeIgniter\Session\Handlers\FileHandler' driver.
WARNING - 2023-05-23 13:44:20 --> [DEPRECATED] Creation of dynamic property App\Controllers\Admin\AsignaturaController::$session is deprecated in APPPATH\Controllers\Admin\AsignaturaController.php on line 16.
 1 SYSTEMPATH\CodeIgniter.php(906): App\Controllers\Admin\AsignaturaController->__construct()
 2 SYSTEMPATH\CodeIgniter.php(490): CodeIgniter\CodeIgniter->createController()
 3 SYSTEMPATH\CodeIgniter.php(368): CodeIgniter\CodeIgniter->handleRequest(null, Object(Config\Cache), false)
 4 FCPATH\index.php(67): CodeIgniter\CodeIgniter->run()
 5 SYSTEMPATH\Commands\Server\rewrite.php(47): require_once('D:\\development\\Proyectos\\UPN212TEZ\\evaldoc\\public\\index.php')
INFO - 2023-05-23 13:44:20 --> Session: Class initialized using 'CodeIgniter\Session\Handlers\FileHandler' driver.
WARNING - 2023-05-23 13:44:20 --> [DEPRECATED] Creation of dynamic property App\Controllers\Admin\AsignaturaController::$session is deprecated in APPPATH\Controllers\Admin\AsignaturaController.php on line 16.
 1 SYSTEMPATH\CodeIgniter.php(906): App\Controllers\Admin\AsignaturaController->__construct()
 2 SYSTEMPATH\CodeIgniter.php(490): CodeIgniter\CodeIgniter->createController()
 3 SYSTEMPATH\CodeIgniter.php(368): CodeIgniter\CodeIgniter->handleRequest(null, Object(Config\Cache), false)
 4 FCPATH\index.php(67): CodeIgniter\CodeIgniter->run()
 5 SYSTEMPATH\Commands\Server\rewrite.php(47): require_once('D:\\development\\Proyectos\\UPN212TEZ\\evaldoc\\public\\index.php')
INFO - 2023-05-23 13:44:20 --> Session: Class initialized using 'CodeIgniter\Session\Handlers\FileHandler' driver.
WARNING - 2023-05-23 13:44:20 --> [DEPRECATED] Creation of dynamic property App\Controllers\Admin\AsignaturaController::$session is deprecated in APPPATH\Controllers\Admin\AsignaturaController.php on line 16.
 1 SYSTEMPATH\CodeIgniter.php(906): App\Controllers\Admin\AsignaturaController->__construct()
 2 SYSTEMPATH\CodeIgniter.php(490): CodeIgniter\CodeIgniter->createController()
 3 SYSTEMPATH\CodeIgniter.php(368): CodeIgniter\CodeIgniter->handleRequest(null, Object(Config\Cache), false)
 4 FCPATH\index.php(67): CodeIgniter\CodeIgniter->run()
 5 SYSTEMPATH\Commands\Server\rewrite.php(47): require_once('D:\\development\\Proyectos\\UPN212TEZ\\evaldoc\\public\\index.php')
INFO - 2023-05-23 13:44:20 --> Session: Class initialized using 'CodeIgniter\Session\Handlers\FileHandler' driver.
WARNING - 2023-05-23 13:44:20 --> [DEPRECATED] Creation of dynamic property App\Controllers\Admin\AsignaturaController::$session is deprecated in APPPATH\Controllers\Admin\AsignaturaController.php on line 16.
 1 SYSTEMPATH\CodeIgniter.php(906): App\Controllers\Admin\AsignaturaController->__construct()
 2 SYSTEMPATH\CodeIgniter.php(490): CodeIgniter\CodeIgniter->createController()
 3 SYSTEMPATH\CodeIgniter.php(368): CodeIgniter\CodeIgniter->handleRequest(null, Object(Config\Cache), false)
 4 FCPATH\index.php(67): CodeIgniter\CodeIgniter->run()
 5 SYSTEMPATH\Commands\Server\rewrite.php(47): require_once('D:\\development\\Proyectos\\UPN212TEZ\\evaldoc\\public\\index.php')
INFO - 2023-05-23 13:44:36 --> Session: Class initialized using 'CodeIgniter\Session\Handlers\FileHandler' driver.
WARNING - 2023-05-23 13:44:36 --> [DEPRECATED] Creation of dynamic property App\Controllers\Admin\AsignaturaController::$session is deprecated in APPPATH\Controllers\Admin\AsignaturaController.php on line 16.
 1 SYSTEMPATH\CodeIgniter.php(906): App\Controllers\Admin\AsignaturaController->__construct()
 2 SYSTEMPATH\CodeIgniter.php(490): CodeIgniter\CodeIgniter->createController()
 3 SYSTEMPATH\CodeIgniter.php(368): CodeIgniter\CodeIgniter->handleRequest(null, Object(Config\Cache), false)
 4 FCPATH\index.php(67): CodeIgniter\CodeIgniter->run()
 5 SYSTEMPATH\Commands\Server\rewrite.php(47): require_once('D:\\development\\Proyectos\\UPN212TEZ\\evaldoc\\public\\index.php')
INFO - 2023-05-23 13:44:36 --> Session: Class initialized using 'CodeIgniter\Session\Handlers\FileHandler' driver.
WARNING - 2023-05-23 13:44:36 --> [DEPRECATED] Creation of dynamic property App\Controllers\Admin\AsignaturaController::$session is deprecated in APPPATH\Controllers\Admin\AsignaturaController.php on line 16.
 1 SYSTEMPATH\CodeIgniter.php(906): App\Controllers\Admin\AsignaturaController->__construct()
 2 SYSTEMPATH\CodeIgniter.php(490): CodeIgniter\CodeIgniter->createController()
 3 SYSTEMPATH\CodeIgniter.php(368): CodeIgniter\CodeIgniter->handleRequest(null, Object(Config\Cache), false)
 4 FCPATH\index.php(67): CodeIgniter\CodeIgniter->run()
 5 SYSTEMPATH\Commands\Server\rewrite.php(47): require_once('D:\\development\\Proyectos\\UPN212TEZ\\evaldoc\\public\\index.php')
INFO - 2023-05-23 13:45:25 --> Session: Class initialized using 'CodeIgniter\Session\Handlers\FileHandler' driver.
WARNING - 2023-05-23 13:45:25 --> [DEPRECATED] Creation of dynamic property App\Controllers\Admin\AsignaturaController::$session is deprecated in APPPATH\Controllers\Admin\AsignaturaController.php on line 16.
 1 SYSTEMPATH\CodeIgniter.php(906): App\Controllers\Admin\AsignaturaController->__construct()
 2 SYSTEMPATH\CodeIgniter.php(490): CodeIgniter\CodeIgniter->createController()
 3 SYSTEMPATH\CodeIgniter.php(368): CodeIgniter\CodeIgniter->handleRequest(null, Object(Config\Cache), false)
 4 FCPATH\index.php(67): CodeIgniter\CodeIgniter->run()
 5 SYSTEMPATH\Commands\Server\rewrite.php(47): require_once('D:\\development\\Proyectos\\UPN212TEZ\\evaldoc\\public\\index.php')
INFO - 2023-05-23 13:46:14 --> Session: Class initialized using 'CodeIgniter\Session\Handlers\FileHandler' driver.
WARNING - 2023-05-23 13:46:14 --> [DEPRECATED] Creation of dynamic property App\Controllers\Admin\AsignaturaController::$session is deprecated in APPPATH\Controllers\Admin\AsignaturaController.php on line 16.
 1 SYSTEMPATH\CodeIgniter.php(906): App\Controllers\Admin\AsignaturaController->__construct()
 2 SYSTEMPATH\CodeIgniter.php(490): CodeIgniter\CodeIgniter->createController()
 3 SYSTEMPATH\CodeIgniter.php(368): CodeIgniter\CodeIgniter->handleRequest(null, Object(Config\Cache), false)
 4 FCPATH\index.php(67): CodeIgniter\CodeIgniter->run()
 5 SYSTEMPATH\Commands\Server\rewrite.php(47): require_once('D:\\development\\Proyectos\\UPN212TEZ\\evaldoc\\public\\index.php')
INFO - 2023-05-23 13:46:21 --> Session: Class initialized using 'CodeIgniter\Session\Handlers\FileHandler' driver.
WARNING - 2023-05-23 13:46:21 --> [DEPRECATED] Creation of dynamic property App\Controllers\Admin\UsuarioController::$session is deprecated in APPPATH\Controllers\Admin\UsuarioController.php on line 17.
 1 SYSTEMPATH\CodeIgniter.php(906): App\Controllers\Admin\UsuarioController->__construct()
 2 SYSTEMPATH\CodeIgniter.php(490): CodeIgniter\CodeIgniter->createController()
 3 SYSTEMPATH\CodeIgniter.php(368): CodeIgniter\CodeIgniter->handleRequest(null, Object(Config\Cache), false)
 4 FCPATH\index.php(67): CodeIgniter\CodeIgniter->run()
 5 SYSTEMPATH\Commands\Server\rewrite.php(47): require_once('D:\\development\\Proyectos\\UPN212TEZ\\evaldoc\\public\\index.php')
INFO - 2023-05-23 13:46:27 --> Session: Class initialized using 'CodeIgniter\Session\Handlers\FileHandler' driver.
WARNING - 2023-05-23 13:46:27 --> [DEPRECATED] Creation of dynamic property App\Controllers\Admin\AsignaturaController::$session is deprecated in APPPATH\Controllers\Admin\AsignaturaController.php on line 16.
 1 SYSTEMPATH\CodeIgniter.php(906): App\Controllers\Admin\AsignaturaController->__construct()
 2 SYSTEMPATH\CodeIgniter.php(490): CodeIgniter\CodeIgniter->createController()
 3 SYSTEMPATH\CodeIgniter.php(368): CodeIgniter\CodeIgniter->handleRequest(null, Object(Config\Cache), false)
 4 FCPATH\index.php(67): CodeIgniter\CodeIgniter->run()
 5 SYSTEMPATH\Commands\Server\rewrite.php(47): require_once('D:\\development\\Proyectos\\UPN212TEZ\\evaldoc\\public\\index.php')
INFO - 2023-05-23 13:47:21 --> Session: Class initialized using 'CodeIgniter\Session\Handlers\FileHandler' driver.
WARNING - 2023-05-23 13:47:21 --> [DEPRECATED] Creation of dynamic property App\Controllers\Admin\AsignaturaController::$session is deprecated in APPPATH\Controllers\Admin\AsignaturaController.php on line 16.
 1 SYSTEMPATH\CodeIgniter.php(906): App\Controllers\Admin\AsignaturaController->__construct()
 2 SYSTEMPATH\CodeIgniter.php(490): CodeIgniter\CodeIgniter->createController()
 3 SYSTEMPATH\CodeIgniter.php(368): CodeIgniter\CodeIgniter->handleRequest(null, Object(Config\Cache), false)
 4 FCPATH\index.php(67): CodeIgniter\CodeIgniter->run()
 5 SYSTEMPATH\Commands\Server\rewrite.php(47): require_once('D:\\development\\Proyectos\\UPN212TEZ\\evaldoc\\public\\index.php')
INFO - 2023-05-23 13:48:45 --> Session: Class initialized using 'CodeIgniter\Session\Handlers\FileHandler' driver.
WARNING - 2023-05-23 13:48:45 --> [DEPRECATED] Creation of dynamic property App\Controllers\Admin\PreguntaController::$session is deprecated in APPPATH\Controllers\Admin\PreguntaController.php on line 18.
 1 SYSTEMPATH\CodeIgniter.php(906): App\Controllers\Admin\PreguntaController->__construct()
 2 SYSTEMPATH\CodeIgniter.php(490): CodeIgniter\CodeIgniter->createController()
 3 SYSTEMPATH\CodeIgniter.php(368): CodeIgniter\CodeIgniter->handleRequest(null, Object(Config\Cache), false)
 4 FCPATH\index.php(67): CodeIgniter\CodeIgniter->run()
 5 SYSTEMPATH\Commands\Server\rewrite.php(47): require_once('D:\\development\\Proyectos\\UPN212TEZ\\evaldoc\\public\\index.php')
INFO - 2023-05-23 14:01:35 --> Session: Class initialized using 'CodeIgniter\Session\Handlers\FileHandler' driver.
WARNING - 2023-05-23 14:01:35 --> [DEPRECATED] Creation of dynamic property App\Controllers\Admin\PreguntaController::$session is deprecated in APPPATH\Controllers\Admin\PreguntaController.php on line 18.
 1 SYSTEMPATH\CodeIgniter.php(906): App\Controllers\Admin\PreguntaController->__construct()
 2 SYSTEMPATH\CodeIgniter.php(490): CodeIgniter\CodeIgniter->createController()
 3 SYSTEMPATH\CodeIgniter.php(368): CodeIgniter\CodeIgniter->handleRequest(null, Object(Config\Cache), false)
 4 FCPATH\index.php(67): CodeIgniter\CodeIgniter->run()
 5 SYSTEMPATH\Commands\Server\rewrite.php(47): require_once('D:\\development\\Proyectos\\UPN212TEZ\\evaldoc\\public\\index.php')
INFO - 2023-05-23 14:01:39 --> Session: Class initialized using 'CodeIgniter\Session\Handlers\FileHandler' driver.
INFO - 2023-05-23 14:01:49 --> Session: Class initialized using 'CodeIgniter\Session\Handlers\FileHandler' driver.
WARNING - 2023-05-23 14:01:49 --> [DEPRECATED] Creation of dynamic property App\Controllers\Admin\DimensionController::$session is deprecated in APPPATH\Controllers\Admin\DimensionController.php on line 17.
 1 SYSTEMPATH\CodeIgniter.php(906): App\Controllers\Admin\DimensionController->__construct()
 2 SYSTEMPATH\CodeIgniter.php(490): CodeIgniter\CodeIgniter->createController()
 3 SYSTEMPATH\CodeIgniter.php(368): CodeIgniter\CodeIgniter->handleRequest(null, Object(Config\Cache), false)
 4 FCPATH\index.php(67): CodeIgniter\CodeIgniter->run()
 5 SYSTEMPATH\Commands\Server\rewrite.php(47): require_once('D:\\development\\Proyectos\\UPN212TEZ\\evaldoc\\public\\index.php')
CRITICAL - 2023-05-23 14:01:49 --> Undefined variable $preguntas
in APPPATH\Views\admin\dimensiones\index.php on line 46.
 1 APPPATH\Views\admin\dimensiones\index.php(46): CodeIgniter\Debug\Exceptions->errorHandler(2, 'Undefined variable $preguntas', 'D:\\development\\Proyectos\\UPN212TEZ\\evaldoc\\app\\Views\\admin\\dimensiones\\index.php', 46)
 2 SYSTEMPATH\View\View.php(213): include('D:\\development\\Proyectos\\UPN212TEZ\\evaldoc\\app\\Views\\admin\\dimensiones\\index.php')
 3 SYSTEMPATH\View\View.php(216): CodeIgniter\View\View->CodeIgniter\View\{closure}()
 4 SYSTEMPATH\Common.php(1184): CodeIgniter\View\View->render('admin/dimensiones/index', [], true)
 5 APPPATH\Controllers\Admin\DimensionController.php(34): view('admin/dimensiones/index', [...])
 6 SYSTEMPATH\CodeIgniter.php(934): App\Controllers\Admin\DimensionController->index()
 7 SYSTEMPATH\CodeIgniter.php(499): CodeIgniter\CodeIgniter->runController(Object(App\Controllers\Admin\DimensionController))
 8 SYSTEMPATH\CodeIgniter.php(368): CodeIgniter\CodeIgniter->handleRequest(null, Object(Config\Cache), false)
 9 FCPATH\index.php(67): CodeIgniter\CodeIgniter->run()
10 SYSTEMPATH\Commands\Server\rewrite.php(47): require_once('D:\\development\\Proyectos\\UPN212TEZ\\evaldoc\\public\\index.php')
INFO - 2023-05-23 14:02:32 --> Session: Class initialized using 'CodeIgniter\Session\Handlers\FileHandler' driver.
WARNING - 2023-05-23 14:02:32 --> [DEPRECATED] Creation of dynamic property App\Controllers\Admin\DimensionController::$session is deprecated in APPPATH\Controllers\Admin\DimensionController.php on line 17.
 1 SYSTEMPATH\CodeIgniter.php(906): App\Controllers\Admin\DimensionController->__construct()
 2 SYSTEMPATH\CodeIgniter.php(490): CodeIgniter\CodeIgniter->createController()
 3 SYSTEMPATH\CodeIgniter.php(368): CodeIgniter\CodeIgniter->handleRequest(null, Object(Config\Cache), false)
 4 FCPATH\index.php(67): CodeIgniter\CodeIgniter->run()
 5 SYSTEMPATH\Commands\Server\rewrite.php(47): require_once('D:\\development\\Proyectos\\UPN212TEZ\\evaldoc\\public\\index.php')
CRITICAL - 2023-05-23 14:02:32 --> Undefined array key "desccripcion"
in APPPATH\Views\admin\dimensiones\index.php on line 53.
 1 APPPATH\Views\admin\dimensiones\index.php(53): CodeIgniter\Debug\Exceptions->errorHandler(2, 'Undefined array key "desccripcion"', 'D:\\development\\Proyectos\\UPN212TEZ\\evaldoc\\app\\Views\\admin\\dimensiones\\index.php', 53)
 2 SYSTEMPATH\View\View.php(213): include('D:\\development\\Proyectos\\UPN212TEZ\\evaldoc\\app\\Views\\admin\\dimensiones\\index.php')
 3 SYSTEMPATH\View\View.php(216): CodeIgniter\View\View->CodeIgniter\View\{closure}()
 4 SYSTEMPATH\Common.php(1184): CodeIgniter\View\View->render('admin/dimensiones/index', [], true)
 5 APPPATH\Controllers\Admin\DimensionController.php(34): view('admin/dimensiones/index', [...])
 6 SYSTEMPATH\CodeIgniter.php(934): App\Controllers\Admin\DimensionController->index()
 7 SYSTEMPATH\CodeIgniter.php(499): CodeIgniter\CodeIgniter->runController(Object(App\Controllers\Admin\DimensionController))
 8 SYSTEMPATH\CodeIgniter.php(368): CodeIgniter\CodeIgniter->handleRequest(null, Object(Config\Cache), false)
 9 FCPATH\index.php(67): CodeIgniter\CodeIgniter->run()
10 SYSTEMPATH\Commands\Server\rewrite.php(47): require_once('D:\\development\\Proyectos\\UPN212TEZ\\evaldoc\\public\\index.php')
INFO - 2023-05-23 14:02:40 --> Session: Class initialized using 'CodeIgniter\Session\Handlers\FileHandler' driver.
WARNING - 2023-05-23 14:02:40 --> [DEPRECATED] Creation of dynamic property App\Controllers\Admin\DimensionController::$session is deprecated in APPPATH\Controllers\Admin\DimensionController.php on line 17.
 1 SYSTEMPATH\CodeIgniter.php(906): App\Controllers\Admin\DimensionController->__construct()
 2 SYSTEMPATH\CodeIgniter.php(490): CodeIgniter\CodeIgniter->createController()
 3 SYSTEMPATH\CodeIgniter.php(368): CodeIgniter\CodeIgniter->handleRequest(null, Object(Config\Cache), false)
 4 FCPATH\index.php(67): CodeIgniter\CodeIgniter->run()
 5 SYSTEMPATH\Commands\Server\rewrite.php(47): require_once('D:\\development\\Proyectos\\UPN212TEZ\\evaldoc\\public\\index.php')
