INFO - 2023-05-24 18:48:22 --> Session: Class initialized using 'CodeIgniter\Session\Handlers\FileHandler' driver.
INFO - 2023-05-24 18:48:35 --> Session: Class initialized using 'CodeIgniter\Session\Handlers\FileHandler' driver.
INFO - 2023-05-24 18:48:36 --> Session: Class initialized using 'CodeIgniter\Session\Handlers\FileHandler' driver.
INFO - 2023-05-24 18:48:39 --> Session: Class initialized using 'CodeIgniter\Session\Handlers\FileHandler' driver.
WARNING - 2023-05-24 18:48:39 --> [DEPRECATED] Creation of dynamic property App\Controllers\Admin\AsignaturaController::$session is deprecated in APPPATH\Controllers\Admin\AsignaturaController.php on line 16.
 1 SYSTEMPATH\CodeIgniter.php(906): App\Controllers\Admin\AsignaturaController->__construct()
 2 SYSTEMPATH\CodeIgniter.php(490): CodeIgniter\CodeIgniter->createController()
 3 SYSTEMPATH\CodeIgniter.php(368): CodeIgniter\CodeIgniter->handleRequest(null, Object(Config\Cache), false)
 4 FCPATH\index.php(67): CodeIgniter\CodeIgniter->run()
 5 SYSTEMPATH\Commands\Server\rewrite.php(47): require_once('D:\\development\\Proyectos\\UPN212TEZ\\evaldoc\\public\\index.php')
INFO - 2023-05-24 18:48:42 --> Session: Class initialized using 'CodeIgniter\Session\Handlers\FileHandler' driver.
INFO - 2023-05-24 18:48:46 --> Session: Class initialized using 'CodeIgniter\Session\Handlers\FileHandler' driver.
WARNING - 2023-05-24 18:48:46 --> [DEPRECATED] Creation of dynamic property App\Controllers\Admin\DimensionController::$session is deprecated in APPPATH\Controllers\Admin\DimensionController.php on line 17.
 1 SYSTEMPATH\CodeIgniter.php(906): App\Controllers\Admin\DimensionController->__construct()
 2 SYSTEMPATH\CodeIgniter.php(490): CodeIgniter\CodeIgniter->createController()
 3 SYSTEMPATH\CodeIgniter.php(368): CodeIgniter\CodeIgniter->handleRequest(null, Object(Config\Cache), false)
 4 FCPATH\index.php(67): CodeIgniter\CodeIgniter->run()
 5 SYSTEMPATH\Commands\Server\rewrite.php(47): require_once('D:\\development\\Proyectos\\UPN212TEZ\\evaldoc\\public\\index.php')
INFO - 2023-05-24 18:51:17 --> Session: Class initialized using 'CodeIgniter\Session\Handlers\FileHandler' driver.
INFO - 2023-05-24 18:51:30 --> Session: Class initialized using 'CodeIgniter\Session\Handlers\FileHandler' driver.
INFO - 2023-05-24 18:51:30 --> Session: Class initialized using 'CodeIgniter\Session\Handlers\FileHandler' driver.
INFO - 2023-05-24 18:51:44 --> Session: Class initialized using 'CodeIgniter\Session\Handlers\FileHandler' driver.
WARNING - 2023-05-24 18:51:44 --> [DEPRECATED] Creation of dynamic property App\Controllers\Admin\UsuarioController::$session is deprecated in APPPATH\Controllers\Admin\UsuarioController.php on line 17.
 1 SYSTEMPATH\CodeIgniter.php(906): App\Controllers\Admin\UsuarioController->__construct()
 2 SYSTEMPATH\CodeIgniter.php(490): CodeIgniter\CodeIgniter->createController()
 3 SYSTEMPATH\CodeIgniter.php(368): CodeIgniter\CodeIgniter->handleRequest(null, Object(Config\Cache), false)
 4 FCPATH\index.php(67): CodeIgniter\CodeIgniter->run()
 5 SYSTEMPATH\Commands\Server\rewrite.php(47): require_once('D:\\development\\Proyectos\\UPN212TEZ\\evaldoc\\public\\index.php')
INFO - 2023-05-24 18:52:31 --> Session: Class initialized using 'CodeIgniter\Session\Handlers\FileHandler' driver.
WARNING - 2023-05-24 18:52:31 --> [DEPRECATED] Creation of dynamic property App\Controllers\Admin\AsignaturaController::$session is deprecated in APPPATH\Controllers\Admin\AsignaturaController.php on line 16.
 1 SYSTEMPATH\CodeIgniter.php(906): App\Controllers\Admin\AsignaturaController->__construct()
 2 SYSTEMPATH\CodeIgniter.php(490): CodeIgniter\CodeIgniter->createController()
 3 SYSTEMPATH\CodeIgniter.php(368): CodeIgniter\CodeIgniter->handleRequest(null, Object(Config\Cache), false)
 4 FCPATH\index.php(67): CodeIgniter\CodeIgniter->run()
 5 SYSTEMPATH\Commands\Server\rewrite.php(47): require_once('D:\\development\\Proyectos\\UPN212TEZ\\evaldoc\\public\\index.php')
INFO - 2023-05-24 18:52:40 --> Session: Class initialized using 'CodeIgniter\Session\Handlers\FileHandler' driver.
WARNING - 2023-05-24 18:52:40 --> [DEPRECATED] Creation of dynamic property App\Controllers\Admin\EstudianteController::$session is deprecated in APPPATH\Controllers\Admin\EstudianteController.php on line 16.
 1 SYSTEMPATH\CodeIgniter.php(906): App\Controllers\Admin\EstudianteController->__construct()
 2 SYSTEMPATH\CodeIgniter.php(490): CodeIgniter\CodeIgniter->createController()
 3 SYSTEMPATH\CodeIgniter.php(368): CodeIgniter\CodeIgniter->handleRequest(null, Object(Config\Cache), false)
 4 FCPATH\index.php(67): CodeIgniter\CodeIgniter->run()
 5 SYSTEMPATH\Commands\Server\rewrite.php(47): require_once('D:\\development\\Proyectos\\UPN212TEZ\\evaldoc\\public\\index.php')
INFO - 2023-05-24 18:52:52 --> Session: Class initialized using 'CodeIgniter\Session\Handlers\FileHandler' driver.
WARNING - 2023-05-24 18:52:53 --> [DEPRECATED] Creation of dynamic property App\Controllers\Admin\ModalidadController::$session is deprecated in APPPATH\Controllers\Admin\ModalidadController.php on line 17.
 1 SYSTEMPATH\CodeIgniter.php(906): App\Controllers\Admin\ModalidadController->__construct()
 2 SYSTEMPATH\CodeIgniter.php(490): CodeIgniter\CodeIgniter->createController()
 3 SYSTEMPATH\CodeIgniter.php(368): CodeIgniter\CodeIgniter->handleRequest(null, Object(Config\Cache), false)
 4 FCPATH\index.php(67): CodeIgniter\CodeIgniter->run()
 5 SYSTEMPATH\Commands\Server\rewrite.php(47): require_once('D:\\development\\Proyectos\\UPN212TEZ\\evaldoc\\public\\index.php')
INFO - 2023-05-24 18:52:57 --> Session: Class initialized using 'CodeIgniter\Session\Handlers\FileHandler' driver.
WARNING - 2023-05-24 18:52:57 --> [DEPRECATED] Creation of dynamic property App\Controllers\Admin\DimensionController::$session is deprecated in APPPATH\Controllers\Admin\DimensionController.php on line 17.
 1 SYSTEMPATH\CodeIgniter.php(906): App\Controllers\Admin\DimensionController->__construct()
 2 SYSTEMPATH\CodeIgniter.php(490): CodeIgniter\CodeIgniter->createController()
 3 SYSTEMPATH\CodeIgniter.php(368): CodeIgniter\CodeIgniter->handleRequest(null, Object(Config\Cache), false)
 4 FCPATH\index.php(67): CodeIgniter\CodeIgniter->run()
 5 SYSTEMPATH\Commands\Server\rewrite.php(47): require_once('D:\\development\\Proyectos\\UPN212TEZ\\evaldoc\\public\\index.php')
INFO - 2023-05-24 18:53:25 --> Session: Class initialized using 'CodeIgniter\Session\Handlers\FileHandler' driver.
WARNING - 2023-05-24 18:53:25 --> [DEPRECATED] Creation of dynamic property App\Controllers\Admin\EstudianteController::$session is deprecated in APPPATH\Controllers\Admin\EstudianteController.php on line 16.
 1 SYSTEMPATH\CodeIgniter.php(906): App\Controllers\Admin\EstudianteController->__construct()
 2 SYSTEMPATH\CodeIgniter.php(490): CodeIgniter\CodeIgniter->createController()
 3 SYSTEMPATH\CodeIgniter.php(368): CodeIgniter\CodeIgniter->handleRequest(null, Object(Config\Cache), false)
 4 FCPATH\index.php(67): CodeIgniter\CodeIgniter->run()
 5 SYSTEMPATH\Commands\Server\rewrite.php(47): require_once('D:\\development\\Proyectos\\UPN212TEZ\\evaldoc\\public\\index.php')
INFO - 2023-05-24 18:53:31 --> Session: Class initialized using 'CodeIgniter\Session\Handlers\FileHandler' driver.
WARNING - 2023-05-24 18:53:31 --> [DEPRECATED] Creation of dynamic property App\Controllers\Admin\DimensionController::$session is deprecated in APPPATH\Controllers\Admin\DimensionController.php on line 17.
 1 SYSTEMPATH\CodeIgniter.php(906): App\Controllers\Admin\DimensionController->__construct()
 2 SYSTEMPATH\CodeIgniter.php(490): CodeIgniter\CodeIgniter->createController()
 3 SYSTEMPATH\CodeIgniter.php(368): CodeIgniter\CodeIgniter->handleRequest(null, Object(Config\Cache), false)
 4 FCPATH\index.php(67): CodeIgniter\CodeIgniter->run()
 5 SYSTEMPATH\Commands\Server\rewrite.php(47): require_once('D:\\development\\Proyectos\\UPN212TEZ\\evaldoc\\public\\index.php')
INFO - 2023-05-24 19:00:36 --> Session: Class initialized using 'CodeIgniter\Session\Handlers\FileHandler' driver.
WARNING - 2023-05-24 19:00:36 --> [DEPRECATED] Creation of dynamic property App\Controllers\Admin\UsuarioController::$session is deprecated in APPPATH\Controllers\Admin\UsuarioController.php on line 17.
 1 SYSTEMPATH\CodeIgniter.php(906): App\Controllers\Admin\UsuarioController->__construct()
 2 SYSTEMPATH\CodeIgniter.php(490): CodeIgniter\CodeIgniter->createController()
 3 SYSTEMPATH\CodeIgniter.php(368): CodeIgniter\CodeIgniter->handleRequest(null, Object(Config\Cache), false)
 4 FCPATH\index.php(67): CodeIgniter\CodeIgniter->run()
 5 SYSTEMPATH\Commands\Server\rewrite.php(47): require_once('D:\\development\\Proyectos\\UPN212TEZ\\evaldoc\\public\\index.php')
INFO - 2023-05-24 19:04:01 --> Session: Class initialized using 'CodeIgniter\Session\Handlers\FileHandler' driver.
WARNING - 2023-05-24 19:04:01 --> [DEPRECATED] Creation of dynamic property App\Controllers\Admin\DimensionController::$session is deprecated in APPPATH\Controllers\Admin\DimensionController.php on line 17.
 1 SYSTEMPATH\CodeIgniter.php(906): App\Controllers\Admin\DimensionController->__construct()
 2 SYSTEMPATH\CodeIgniter.php(490): CodeIgniter\CodeIgniter->createController()
 3 SYSTEMPATH\CodeIgniter.php(368): CodeIgniter\CodeIgniter->handleRequest(null, Object(Config\Cache), false)
 4 FCPATH\index.php(67): CodeIgniter\CodeIgniter->run()
 5 SYSTEMPATH\Commands\Server\rewrite.php(47): require_once('D:\\development\\Proyectos\\UPN212TEZ\\evaldoc\\public\\index.php')
INFO - 2023-05-24 19:04:06 --> Session: Class initialized using 'CodeIgniter\Session\Handlers\FileHandler' driver.
WARNING - 2023-05-24 19:04:06 --> [DEPRECATED] Creation of dynamic property App\Controllers\Admin\PreguntaController::$session is deprecated in APPPATH\Controllers\Admin\PreguntaController.php on line 18.
 1 SYSTEMPATH\CodeIgniter.php(906): App\Controllers\Admin\PreguntaController->__construct()
 2 SYSTEMPATH\CodeIgniter.php(490): CodeIgniter\CodeIgniter->createController()
 3 SYSTEMPATH\CodeIgniter.php(368): CodeIgniter\CodeIgniter->handleRequest(null, Object(Config\Cache), false)
 4 FCPATH\index.php(67): CodeIgniter\CodeIgniter->run()
 5 SYSTEMPATH\Commands\Server\rewrite.php(47): require_once('D:\\development\\Proyectos\\UPN212TEZ\\evaldoc\\public\\index.php')
